#
# There is insufficient memory for the Java Runtime Environment to continue.
# Native memory allocation (malloc) failed to allocate 2021456 bytes for Chunk::new
# Possible reasons:
#   The system is out of physical RAM or swap space
#   The process is running with CompressedOops enabled, and the Java Heap may be blocking the growth of the native heap
# Possible solutions:
#   Reduce memory load on the system
#   Increase physical memory or swap space
#   Check if swap backing store is full
#   Decrease Java heap size (-Xmx/-Xms)
#   Decrease number of Java threads
#   Decrease Java thread stack sizes (-Xss)
#   Set larger code cache with -XX:ReservedCodeCacheSize=
#   JVM is running with Unscaled Compressed Oops mode in which the Java heap is
#     placed in the first 4GB address space. The Java Heap base address is the
#     maximum limit for the native heap growth. Please use -XX:HeapBaseMinAddress
#     to set the Java Heap base and to place the Java Heap above 4GB virtual address.
# This output file may be truncated or incomplete.
#
#  Out of Memory Error (./src/hotspot/share/memory/arena.cpp:197), pid=248, tid=3556
#
# JRE version: OpenJDK Runtime Environment Temurin-11.0.17+8 (11.0.17+8) (build 11.0.17+8)
# Java VM: OpenJDK 64-Bit Server VM Temurin-11.0.17+8 (11.0.17+8, mixed mode, tiered, compressed oops, g1 gc, windows-amd64)
# No core dump will be written. Minidumps are not enabled by default on client versions of Windows
#

---------------  S U M M A R Y ------------

Command Line: -XX:MaxMetaspaceSize=512m --add-opens=java.base/java.util=ALL-UNNAMED --add-opens=java.base/java.lang=ALL-UNNAMED --add-opens=java.base/java.lang.invoke=ALL-UNNAMED --add-opens=java.base/java.util=ALL-UNNAMED --add-opens=java.prefs/java.util.prefs=ALL-UNNAMED --add-opens=java.prefs/java.util.prefs=ALL-UNNAMED --add-opens=java.base/java.nio.charset=ALL-UNNAMED --add-opens=java.base/java.net=ALL-UNNAMED --add-opens=java.base/java.util.concurrent.atomic=ALL-UNNAMED -Xmx2048m -Dfile.encoding=windows-1252 -Duser.country=IN -Duser.language=en -Duser.variant org.gradle.launcher.daemon.bootstrap.GradleDaemon 7.5.1

Host: Intel(R) Core(TM) i3-4170T CPU @ 3.20GHz, 4 cores, 7G,  Windows 10 , 64 bit Build 19041 (10.0.19041.3155)
Time: Wed Jul 19 18:33:45 2023 India Standard Time elapsed time: 12.931802 seconds (0d 0h 0m 12s)

---------------  T H R E A D  ---------------

Current thread (0x000001b2604a6800):  JavaThread "C2 CompilerThread0" daemon [_thread_in_native, id=3556, stack(0x0000005bf4b00000,0x0000005bf4c00000)]


Current CompileTask:
C2:  12931 2715       4       jdk.internal.loader.URLClassPath::getResource (74 bytes)

Stack: [0x0000005bf4b00000,0x0000005bf4c00000]
Native frames: (J=compiled Java code, j=interpreted, Vv=VM code, C=native code)
V  [jvm.dll+0x61f5ba]
V  [jvm.dll+0x7abf79]
V  [jvm.dll+0x7ad668]
V  [jvm.dll+0x7add43]
V  [jvm.dll+0x24fd88]
V  [jvm.dll+0xc262c]
V  [jvm.dll+0xc2bec]
V  [jvm.dll+0x359f87]
V  [jvm.dll+0x19eaa1]
V  [jvm.dll+0x209135]
V  [jvm.dll+0x20815d]
V  [jvm.dll+0x18a3b1]
V  [jvm.dll+0x217a34]
V  [jvm.dll+0x215c7b]
V  [jvm.dll+0x76ea70]
V  [jvm.dll+0x7679a4]
V  [jvm.dll+0x61e425]
C  [ucrtbase.dll+0x21bb2]
C  [KERNEL32.DLL+0x17614]
C  [ntdll.dll+0x526b1]


---------------  P R O C E S S  ---------------

Threads class SMR info:
_java_thread_list=0x000001b2632fd450, length=32, elements={
0x000001b23f38e000, 0x000001b25fb3d000, 0x000001b25fb3e000, 0x000001b25fb93800,
0x000001b2604a0800, 0x000001b2604a1000, 0x000001b2604a6800, 0x000001b2604a7800,
0x000001b260507800, 0x000001b2605ff800, 0x000001b262d21000, 0x000001b2614cd800,
0x000001b26282e800, 0x000001b261d6d800, 0x000001b261e7a800, 0x000001b262f90000,
0x000001b262068000, 0x000001b2627f1000, 0x000001b262a0b800, 0x000001b2617b1800,
0x000001b262882800, 0x000001b262883800, 0x000001b262884800, 0x000001b26287e800,
0x000001b262885000, 0x000001b26287f800, 0x000001b262881000, 0x000001b262880000,
0x000001b262882000, 0x000001b261daa800, 0x000001b261da7800, 0x000001b262647800
}

Java Threads: ( => current thread )
  0x000001b23f38e000 JavaThread "main" [_thread_blocked, id=7344, stack(0x0000005bf3f00000,0x0000005bf4000000)]
  0x000001b25fb3d000 JavaThread "Reference Handler" daemon [_thread_blocked, id=3348, stack(0x0000005bf4600000,0x0000005bf4700000)]
  0x000001b25fb3e000 JavaThread "Finalizer" daemon [_thread_blocked, id=6928, stack(0x0000005bf4700000,0x0000005bf4800000)]
  0x000001b25fb93800 JavaThread "Signal Dispatcher" daemon [_thread_blocked, id=10888, stack(0x0000005bf4800000,0x0000005bf4900000)]
  0x000001b2604a0800 JavaThread "Attach Listener" daemon [_thread_blocked, id=512, stack(0x0000005bf4900000,0x0000005bf4a00000)]
  0x000001b2604a1000 JavaThread "Service Thread" daemon [_thread_blocked, id=11964, stack(0x0000005bf4a00000,0x0000005bf4b00000)]
=>0x000001b2604a6800 JavaThread "C2 CompilerThread0" daemon [_thread_in_native, id=3556, stack(0x0000005bf4b00000,0x0000005bf4c00000)]
  0x000001b2604a7800 JavaThread "C1 CompilerThread0" daemon [_thread_in_native, id=5704, stack(0x0000005bf4c00000,0x0000005bf4d00000)]
  0x000001b260507800 JavaThread "Sweeper thread" daemon [_thread_blocked, id=8260, stack(0x0000005bf4d00000,0x0000005bf4e00000)]
  0x000001b2605ff800 JavaThread "Common-Cleaner" daemon [_thread_blocked, id=8868, stack(0x0000005bf4e00000,0x0000005bf4f00000)]
  0x000001b262d21000 JavaThread "Daemon health stats" [_thread_blocked, id=3572, stack(0x0000005bf5300000,0x0000005bf5400000)]
  0x000001b2614cd800 JavaThread "Incoming local TCP Connector on port 61770" [_thread_in_native, id=11392, stack(0x0000005bf5200000,0x0000005bf5300000)]
  0x000001b26282e800 JavaThread "Daemon periodic checks" [_thread_blocked, id=8836, stack(0x0000005bf5400000,0x0000005bf5500000)]
  0x000001b261d6d800 JavaThread "Daemon" [_thread_blocked, id=8092, stack(0x0000005bf5500000,0x0000005bf5600000)]
  0x000001b261e7a800 JavaThread "Handler for socket connection from /127.0.0.1:61770 to /127.0.0.1:61771" [_thread_in_native, id=6920, stack(0x0000005bf5600000,0x0000005bf5700000)]
  0x000001b262f90000 JavaThread "Cancel handler" [_thread_blocked, id=2088, stack(0x0000005bf5700000,0x0000005bf5800000)]
  0x000001b262068000 JavaThread "Daemon worker" [_thread_in_native, id=7200, stack(0x0000005bf5800000,0x0000005bf5900000)]
  0x000001b2627f1000 JavaThread "Asynchronous log dispatcher for DefaultDaemonConnection: socket connection from /127.0.0.1:61770 to /127.0.0.1:61771" [_thread_blocked, id=10156, stack(0x0000005bf5900000,0x0000005bf5a00000)]
  0x000001b262a0b800 JavaThread "Stdin handler" [_thread_blocked, id=2256, stack(0x0000005bf5a00000,0x0000005bf5b00000)]
  0x000001b2617b1800 JavaThread "Daemon client event forwarder" [_thread_blocked, id=7964, stack(0x0000005bf5b00000,0x0000005bf5c00000)]
  0x000001b262882800 JavaThread "Cache worker for journal cache (C:\Users\extec\.gradle\caches\journal-1)" [_thread_blocked, id=6836, stack(0x0000005bf5d00000,0x0000005bf5e00000)]
  0x000001b262883800 JavaThread "File lock request listener" [_thread_in_native, id=11224, stack(0x0000005bf5e00000,0x0000005bf5f00000)]
  0x000001b262884800 JavaThread "Cache worker for file hash cache (C:\Users\extec\.gradle\caches\7.5.1\fileHashes)" [_thread_blocked, id=11736, stack(0x0000005bf5f00000,0x0000005bf6000000)]
  0x000001b26287e800 JavaThread "File watcher server" daemon [_thread_in_native, id=11128, stack(0x0000005bf6100000,0x0000005bf6200000)]
  0x000001b262885000 JavaThread "File watcher consumer" daemon [_thread_blocked, id=12104, stack(0x0000005bf6200000,0x0000005bf6300000)]
  0x000001b26287f800 JavaThread "Cache worker for checksums cache (D:\Byder\Byder\android\.gradle\7.5.1\checksums)" [_thread_blocked, id=6008, stack(0x0000005bf6000000,0x0000005bf6100000)]
  0x000001b262881000 JavaThread "Cache worker for cache directory md-rule (C:\Users\extec\.gradle\caches\7.5.1\md-rule)" [_thread_blocked, id=8084, stack(0x0000005bf6300000,0x0000005bf6400000)]
  0x000001b262880000 JavaThread "Cache worker for file content cache (C:\Users\extec\.gradle\caches\7.5.1\fileContent)" [_thread_blocked, id=1140, stack(0x0000005bf6400000,0x0000005bf6500000)]
  0x000001b262882000 JavaThread "Cache worker for file hash cache (D:\Byder\Byder\android\.gradle\7.5.1\fileHashes)" [_thread_blocked, id=4232, stack(0x0000005bf6600000,0x0000005bf6700000)]
  0x000001b261daa800 JavaThread "Cache worker for cache directory md-supplier (C:\Users\extec\.gradle\caches\7.5.1\md-supplier)" [_thread_blocked, id=5268, stack(0x0000005bf6700000,0x0000005bf6800000)]
  0x000001b261da7800 JavaThread "Cache worker for execution history cache (C:\Users\extec\.gradle\caches\7.5.1\executionHistory)" [_thread_blocked, id=3240, stack(0x0000005bf6800000,0x0000005bf6900000)]
  0x000001b262647800 JavaThread "C2 CompilerThread1" daemon [_thread_in_native, id=11404, stack(0x0000005bf6500000,0x0000005bf6600000)]

Other Threads:
  0x000001b25fb29800 VMThread "VM Thread" [stack: 0x0000005bf4500000,0x0000005bf4600000] [id=2800]
  0x000001b26065e000 WatcherThread [stack: 0x0000005bf4f00000,0x0000005bf5000000] [id=2448]
  0x000001b23f3a7800 GCTaskThread "GC Thread#0" [stack: 0x0000005bf4000000,0x0000005bf4100000] [id=9252]
  0x000001b260870000 GCTaskThread "GC Thread#1" [stack: 0x0000005bf5000000,0x0000005bf5100000] [id=11732]
  0x000001b260c69800 GCTaskThread "GC Thread#2" [stack: 0x0000005bf5100000,0x0000005bf5200000] [id=7944]
  0x000001b262a0c000 GCTaskThread "GC Thread#3" [stack: 0x0000005bf5c00000,0x0000005bf5d00000] [id=1452]
  0x000001b23f3d9000 ConcurrentGCThread "G1 Main Marker" [stack: 0x0000005bf4100000,0x0000005bf4200000] [id=4224]
  0x000001b23f3db800 ConcurrentGCThread "G1 Conc#0" [stack: 0x0000005bf4200000,0x0000005bf4300000] [id=9520]
  0x000001b23f469000 ConcurrentGCThread "G1 Refine#0" [stack: 0x0000005bf4300000,0x0000005bf4400000] [id=10164]
  0x000001b23f46a000 ConcurrentGCThread "G1 Young RemSet Sampling" [stack: 0x0000005bf4400000,0x0000005bf4500000] [id=5364]

Threads with active compile tasks:
C2 CompilerThread0    12972 2715       4       jdk.internal.loader.URLClassPath::getResource (74 bytes)
C2 CompilerThread1    12972 2830       4       java.util.AbstractCollection::addAll (42 bytes)

VM state:not at safepoint (normal execution)

VM Mutex/Monitor currently owned by a thread: None

Heap address: 0x0000000080000000, size: 2048 MB, Compressed Oops mode: 32-bit
Narrow klass base: 0x0000000000000000, Narrow klass shift: 3
Compressed class space size: 528482304 Address: 0x0000000100000000

Heap:
 garbage-first heap   total 129024K, used 23634K [0x0000000080000000, 0x0000000100000000)
  region size 1024K, 8 young (8192K), 6 survivors (6144K)
 Metaspace       used 35345K, capacity 36178K, committed 36432K, reserved 548864K
  class space    used 4543K, capacity 4864K, committed 4864K, reserved 516096K
Heap Regions: E=young(eden), S=young(survivor), O=old, HS=humongous(starts), HC=humongous(continues), CS=collection set, F=free, A=archive, TAMS=top-at-mark-start (previous, next)
|   0|0x0000000080000000, 0x0000000080100000, 0x0000000080100000|100%|HS|  |TAMS 0x0000000080100000, 0x0000000080000000| Complete 
|   1|0x0000000080100000, 0x0000000080200000, 0x0000000080200000|100%|HC|  |TAMS 0x0000000080200000, 0x0000000080100000| Complete 
|   2|0x0000000080200000, 0x0000000080300000, 0x0000000080300000|100%|HC|  |TAMS 0x0000000080300000, 0x0000000080200000| Complete 
|   3|0x0000000080300000, 0x0000000080400000, 0x0000000080400000|100%| O|  |TAMS 0x0000000080400000, 0x0000000080300000| Untracked 
|   4|0x0000000080400000, 0x0000000080500000, 0x0000000080500000|100%| O|  |TAMS 0x0000000080500000, 0x0000000080400000| Untracked 
|   5|0x0000000080500000, 0x0000000080600000, 0x0000000080600000|100%| O|  |TAMS 0x0000000080600000, 0x0000000080500000| Untracked 
|   6|0x0000000080600000, 0x0000000080700000, 0x0000000080700000|100%| O|  |TAMS 0x0000000080700000, 0x0000000080600000| Untracked 
|   7|0x0000000080700000, 0x0000000080800000, 0x0000000080800000|100%| O|  |TAMS 0x0000000080800000, 0x0000000080700000| Untracked 
|   8|0x0000000080800000, 0x0000000080900000, 0x0000000080900000|100%| O|  |TAMS 0x0000000080900000, 0x0000000080800000| Untracked 
|   9|0x0000000080900000, 0x0000000080a00000, 0x0000000080a00000|100%| O|  |TAMS 0x0000000080a00000, 0x0000000080900000| Untracked 
|  10|0x0000000080a00000, 0x0000000080b00000, 0x0000000080b00000|100%| O|  |TAMS 0x0000000080b00000, 0x0000000080a00000| Untracked 
|  11|0x0000000080b00000, 0x0000000080c00000, 0x0000000080c00000|100%| O|  |TAMS 0x0000000080c00000, 0x0000000080b00000| Untracked 
|  12|0x0000000080c00000, 0x0000000080d00000, 0x0000000080d00000|100%| O|  |TAMS 0x0000000080d00000, 0x0000000080c00000| Untracked 
|  13|0x0000000080d00000, 0x0000000080e00000, 0x0000000080e00000|100%| O|  |TAMS 0x0000000080e00000, 0x0000000080d00000| Untracked 
|  14|0x0000000080e00000, 0x0000000080f00000, 0x0000000080f00000|100%| O|  |TAMS 0x0000000080f00000, 0x0000000080e00000| Untracked 
|  15|0x0000000080f00000, 0x0000000081000000, 0x0000000081000000|100%| O|  |TAMS 0x0000000081000000, 0x0000000080f00000| Untracked 
|  16|0x0000000081000000, 0x000000008109f000, 0x0000000081100000| 62%| O|  |TAMS 0x000000008109f000, 0x0000000081000000| Untracked 
|  17|0x0000000081100000, 0x0000000081100000, 0x0000000081200000|  0%| F|  |TAMS 0x0000000081100000, 0x0000000081100000| Untracked 
|  18|0x0000000081200000, 0x0000000081200000, 0x0000000081300000|  0%| F|  |TAMS 0x0000000081200000, 0x0000000081200000| Untracked 
|  19|0x0000000081300000, 0x0000000081300000, 0x0000000081400000|  0%| F|  |TAMS 0x0000000081300000, 0x0000000081300000| Untracked 
|  20|0x0000000081400000, 0x0000000081400000, 0x0000000081500000|  0%| F|  |TAMS 0x0000000081400000, 0x0000000081400000| Untracked 
|  21|0x0000000081500000, 0x0000000081500000, 0x0000000081600000|  0%| F|  |TAMS 0x0000000081500000, 0x0000000081500000| Untracked 
|  22|0x0000000081600000, 0x0000000081600000, 0x0000000081700000|  0%| F|  |TAMS 0x0000000081600000, 0x0000000081600000| Untracked 
|  23|0x0000000081700000, 0x0000000081700000, 0x0000000081800000|  0%| F|  |TAMS 0x0000000081700000, 0x0000000081700000| Untracked 
|  24|0x0000000081800000, 0x0000000081800000, 0x0000000081900000|  0%| F|  |TAMS 0x0000000081800000, 0x0000000081800000| Untracked 
|  25|0x0000000081900000, 0x0000000081900000, 0x0000000081a00000|  0%| F|  |TAMS 0x0000000081900000, 0x0000000081900000| Untracked 
|  26|0x0000000081a00000, 0x0000000081a00000, 0x0000000081b00000|  0%| F|  |TAMS 0x0000000081a00000, 0x0000000081a00000| Untracked 
|  27|0x0000000081b00000, 0x0000000081b00000, 0x0000000081c00000|  0%| F|  |TAMS 0x0000000081b00000, 0x0000000081b00000| Untracked 
|  28|0x0000000081c00000, 0x0000000081c00000, 0x0000000081d00000|  0%| F|  |TAMS 0x0000000081c00000, 0x0000000081c00000| Untracked 
|  29|0x0000000081d00000, 0x0000000081d00000, 0x0000000081e00000|  0%| F|  |TAMS 0x0000000081d00000, 0x0000000081d00000| Untracked 
|  30|0x0000000081e00000, 0x0000000081e00000, 0x0000000081f00000|  0%| F|  |TAMS 0x0000000081e00000, 0x0000000081e00000| Untracked 
|  31|0x0000000081f00000, 0x0000000081f00000, 0x0000000082000000|  0%| F|  |TAMS 0x0000000081f00000, 0x0000000081f00000| Untracked 
|  32|0x0000000082000000, 0x0000000082000000, 0x0000000082100000|  0%| F|  |TAMS 0x0000000082000000, 0x0000000082000000| Untracked 
|  33|0x0000000082100000, 0x0000000082100000, 0x0000000082200000|  0%| F|  |TAMS 0x0000000082100000, 0x0000000082100000| Untracked 
|  34|0x0000000082200000, 0x0000000082200000, 0x0000000082300000|  0%| F|  |TAMS 0x0000000082200000, 0x0000000082200000| Untracked 
|  35|0x0000000082300000, 0x0000000082300000, 0x0000000082400000|  0%| F|  |TAMS 0x0000000082300000, 0x0000000082300000| Untracked 
|  36|0x0000000082400000, 0x0000000082400000, 0x0000000082500000|  0%| F|  |TAMS 0x0000000082400000, 0x0000000082400000| Untracked 
|  37|0x0000000082500000, 0x0000000082500000, 0x0000000082600000|  0%| F|  |TAMS 0x0000000082500000, 0x0000000082500000| Untracked 
|  38|0x0000000082600000, 0x0000000082600000, 0x0000000082700000|  0%| F|  |TAMS 0x0000000082600000, 0x0000000082600000| Untracked 
|  39|0x0000000082700000, 0x0000000082700000, 0x0000000082800000|  0%| F|  |TAMS 0x0000000082700000, 0x0000000082700000| Untracked 
|  40|0x0000000082800000, 0x0000000082800000, 0x0000000082900000|  0%| F|  |TAMS 0x0000000082800000, 0x0000000082800000| Untracked 
|  41|0x0000000082900000, 0x0000000082900000, 0x0000000082a00000|  0%| F|  |TAMS 0x0000000082900000, 0x0000000082900000| Untracked 
|  42|0x0000000082a00000, 0x0000000082a00000, 0x0000000082b00000|  0%| F|  |TAMS 0x0000000082a00000, 0x0000000082a00000| Untracked 
|  43|0x0000000082b00000, 0x0000000082b00000, 0x0000000082c00000|  0%| F|  |TAMS 0x0000000082b00000, 0x0000000082b00000| Untracked 
|  44|0x0000000082c00000, 0x0000000082c00000, 0x0000000082d00000|  0%| F|  |TAMS 0x0000000082c00000, 0x0000000082c00000| Untracked 
|  45|0x0000000082d00000, 0x0000000082d00000, 0x0000000082e00000|  0%| F|  |TAMS 0x0000000082d00000, 0x0000000082d00000| Untracked 
|  46|0x0000000082e00000, 0x0000000082e00000, 0x0000000082f00000|  0%| F|  |TAMS 0x0000000082e00000, 0x0000000082e00000| Untracked 
|  47|0x0000000082f00000, 0x0000000082f00000, 0x0000000083000000|  0%| F|  |TAMS 0x0000000082f00000, 0x0000000082f00000| Untracked 
|  48|0x0000000083000000, 0x0000000083000000, 0x0000000083100000|  0%| F|  |TAMS 0x0000000083000000, 0x0000000083000000| Untracked 
|  49|0x0000000083100000, 0x0000000083100000, 0x0000000083200000|  0%| F|  |TAMS 0x0000000083100000, 0x0000000083100000| Untracked 
|  50|0x0000000083200000, 0x0000000083200000, 0x0000000083300000|  0%| F|  |TAMS 0x0000000083200000, 0x0000000083200000| Untracked 
|  51|0x0000000083300000, 0x0000000083300000, 0x0000000083400000|  0%| F|  |TAMS 0x0000000083300000, 0x0000000083300000| Untracked 
|  52|0x0000000083400000, 0x0000000083400000, 0x0000000083500000|  0%| F|  |TAMS 0x0000000083400000, 0x0000000083400000| Untracked 
|  53|0x0000000083500000, 0x0000000083500000, 0x0000000083600000|  0%| F|  |TAMS 0x0000000083500000, 0x0000000083500000| Untracked 
|  54|0x0000000083600000, 0x0000000083600000, 0x0000000083700000|  0%| F|  |TAMS 0x0000000083600000, 0x0000000083600000| Untracked 
|  55|0x0000000083700000, 0x0000000083700000, 0x0000000083800000|  0%| F|  |TAMS 0x0000000083700000, 0x0000000083700000| Untracked 
|  56|0x0000000083800000, 0x0000000083800000, 0x0000000083900000|  0%| F|  |TAMS 0x0000000083800000, 0x0000000083800000| Untracked 
|  57|0x0000000083900000, 0x0000000083900000, 0x0000000083a00000|  0%| F|  |TAMS 0x0000000083900000, 0x0000000083900000| Untracked 
|  58|0x0000000083a00000, 0x0000000083a00000, 0x0000000083b00000|  0%| F|  |TAMS 0x0000000083a00000, 0x0000000083a00000| Untracked 
|  59|0x0000000083b00000, 0x0000000083b00000, 0x0000000083c00000|  0%| F|  |TAMS 0x0000000083b00000, 0x0000000083b00000| Untracked 
|  60|0x0000000083c00000, 0x0000000083c00000, 0x0000000083d00000|  0%| F|  |TAMS 0x0000000083c00000, 0x0000000083c00000| Untracked 
|  61|0x0000000083d00000, 0x0000000083d00000, 0x0000000083e00000|  0%| F|  |TAMS 0x0000000083d00000, 0x0000000083d00000| Untracked 
|  62|0x0000000083e00000, 0x0000000083e00000, 0x0000000083f00000|  0%| F|  |TAMS 0x0000000083e00000, 0x0000000083e00000| Untracked 
|  63|0x0000000083f00000, 0x0000000083f00000, 0x0000000084000000|  0%| F|  |TAMS 0x0000000083f00000, 0x0000000083f00000| Untracked 
|  64|0x0000000084000000, 0x0000000084000000, 0x0000000084100000|  0%| F|  |TAMS 0x0000000084000000, 0x0000000084000000| Untracked 
|  65|0x0000000084100000, 0x0000000084100000, 0x0000000084200000|  0%| F|  |TAMS 0x0000000084100000, 0x0000000084100000| Untracked 
|  66|0x0000000084200000, 0x0000000084200000, 0x0000000084300000|  0%| F|  |TAMS 0x0000000084200000, 0x0000000084200000| Untracked 
|  67|0x0000000084300000, 0x0000000084300000, 0x0000000084400000|  0%| F|  |TAMS 0x0000000084300000, 0x0000000084300000| Untracked 
|  68|0x0000000084400000, 0x0000000084400000, 0x0000000084500000|  0%| F|  |TAMS 0x0000000084400000, 0x0000000084400000| Untracked 
|  69|0x0000000084500000, 0x0000000084500000, 0x0000000084600000|  0%| F|  |TAMS 0x0000000084500000, 0x0000000084500000| Untracked 
|  70|0x0000000084600000, 0x0000000084600000, 0x0000000084700000|  0%| F|  |TAMS 0x0000000084600000, 0x0000000084600000| Untracked 
|  71|0x0000000084700000, 0x0000000084700000, 0x0000000084800000|  0%| F|  |TAMS 0x0000000084700000, 0x0000000084700000| Untracked 
|  72|0x0000000084800000, 0x0000000084800000, 0x0000000084900000|  0%| F|  |TAMS 0x0000000084800000, 0x0000000084800000| Untracked 
|  73|0x0000000084900000, 0x0000000084900000, 0x0000000084a00000|  0%| F|  |TAMS 0x0000000084900000, 0x0000000084900000| Untracked 
|  74|0x0000000084a00000, 0x0000000084a00000, 0x0000000084b00000|  0%| F|  |TAMS 0x0000000084a00000, 0x0000000084a00000| Untracked 
|  75|0x0000000084b00000, 0x0000000084b00000, 0x0000000084c00000|  0%| F|  |TAMS 0x0000000084b00000, 0x0000000084b00000| Untracked 
|  76|0x0000000084c00000, 0x0000000084c00000, 0x0000000084d00000|  0%| F|  |TAMS 0x0000000084c00000, 0x0000000084c00000| Untracked 
|  77|0x0000000084d00000, 0x0000000084d00000, 0x0000000084e00000|  0%| F|  |TAMS 0x0000000084d00000, 0x0000000084d00000| Untracked 
|  78|0x0000000084e00000, 0x0000000084e00000, 0x0000000084f00000|  0%| F|  |TAMS 0x0000000084e00000, 0x0000000084e00000| Untracked 
|  79|0x0000000084f00000, 0x0000000084f00000, 0x0000000085000000|  0%| F|  |TAMS 0x0000000084f00000, 0x0000000084f00000| Untracked 
|  80|0x0000000085000000, 0x0000000085000000, 0x0000000085100000|  0%| F|  |TAMS 0x0000000085000000, 0x0000000085000000| Untracked 
|  81|0x0000000085100000, 0x0000000085100000, 0x0000000085200000|  0%| F|  |TAMS 0x0000000085100000, 0x0000000085100000| Untracked 
|  82|0x0000000085200000, 0x0000000085200000, 0x0000000085300000|  0%| F|  |TAMS 0x0000000085200000, 0x0000000085200000| Untracked 
|  83|0x0000000085300000, 0x0000000085300000, 0x0000000085400000|  0%| F|  |TAMS 0x0000000085300000, 0x0000000085300000| Untracked 
|  84|0x0000000085400000, 0x0000000085400000, 0x0000000085500000|  0%| F|  |TAMS 0x0000000085400000, 0x0000000085400000| Untracked 
|  85|0x0000000085500000, 0x0000000085500000, 0x0000000085600000|  0%| F|  |TAMS 0x0000000085500000, 0x0000000085500000| Untracked 
|  86|0x0000000085600000, 0x0000000085600000, 0x0000000085700000|  0%| F|  |TAMS 0x0000000085600000, 0x0000000085600000| Untracked 
|  87|0x0000000085700000, 0x0000000085700000, 0x0000000085800000|  0%| F|  |TAMS 0x0000000085700000, 0x0000000085700000| Untracked 
|  88|0x0000000085800000, 0x0000000085800000, 0x0000000085900000|  0%| F|  |TAMS 0x0000000085800000, 0x0000000085800000| Untracked 
|  89|0x0000000085900000, 0x0000000085900000, 0x0000000085a00000|  0%| F|  |TAMS 0x0000000085900000, 0x0000000085900000| Untracked 
|  90|0x0000000085a00000, 0x0000000085a00000, 0x0000000085b00000|  0%| F|  |TAMS 0x0000000085a00000, 0x0000000085a00000| Untracked 
|  91|0x0000000085b00000, 0x0000000085b00000, 0x0000000085c00000|  0%| F|  |TAMS 0x0000000085b00000, 0x0000000085b00000| Untracked 
|  92|0x0000000085c00000, 0x0000000085c00000, 0x0000000085d00000|  0%| F|  |TAMS 0x0000000085c00000, 0x0000000085c00000| Untracked 
|  93|0x0000000085d00000, 0x0000000085d00000, 0x0000000085e00000|  0%| F|  |TAMS 0x0000000085d00000, 0x0000000085d00000| Untracked 
|  94|0x0000000085e00000, 0x0000000085e00000, 0x0000000085f00000|  0%| F|  |TAMS 0x0000000085e00000, 0x0000000085e00000| Untracked 
|  95|0x0000000085f00000, 0x0000000085f00000, 0x0000000086000000|  0%| F|  |TAMS 0x0000000085f00000, 0x0000000085f00000| Untracked 
|  96|0x0000000086000000, 0x0000000086000000, 0x0000000086100000|  0%| F|  |TAMS 0x0000000086000000, 0x0000000086000000| Untracked 
|  97|0x0000000086100000, 0x0000000086100000, 0x0000000086200000|  0%| F|  |TAMS 0x0000000086100000, 0x0000000086100000| Untracked 
|  98|0x0000000086200000, 0x0000000086200000, 0x0000000086300000|  0%| F|  |TAMS 0x0000000086200000, 0x0000000086200000| Untracked 
|  99|0x0000000086300000, 0x0000000086300000, 0x0000000086400000|  0%| F|  |TAMS 0x0000000086300000, 0x0000000086300000| Untracked 
| 100|0x0000000086400000, 0x0000000086400000, 0x0000000086500000|  0%| F|  |TAMS 0x0000000086400000, 0x0000000086400000| Untracked 
| 101|0x0000000086500000, 0x0000000086500000, 0x0000000086600000|  0%| F|  |TAMS 0x0000000086500000, 0x0000000086500000| Untracked 
| 102|0x0000000086600000, 0x0000000086600000, 0x0000000086700000|  0%| F|  |TAMS 0x0000000086600000, 0x0000000086600000| Untracked 
| 103|0x0000000086700000, 0x0000000086700000, 0x0000000086800000|  0%| F|  |TAMS 0x0000000086700000, 0x0000000086700000| Untracked 
| 104|0x0000000086800000, 0x0000000086800000, 0x0000000086900000|  0%| F|  |TAMS 0x0000000086800000, 0x0000000086800000| Untracked 
| 105|0x0000000086900000, 0x0000000086900000, 0x0000000086a00000|  0%| F|  |TAMS 0x0000000086900000, 0x0000000086900000| Untracked 
| 106|0x0000000086a00000, 0x0000000086a00000, 0x0000000086b00000|  0%| F|  |TAMS 0x0000000086a00000, 0x0000000086a00000| Untracked 
| 107|0x0000000086b00000, 0x0000000086b00000, 0x0000000086c00000|  0%| F|  |TAMS 0x0000000086b00000, 0x0000000086b00000| Untracked 
| 108|0x0000000086c00000, 0x0000000086c00000, 0x0000000086d00000|  0%| F|  |TAMS 0x0000000086c00000, 0x0000000086c00000| Untracked 
| 109|0x0000000086d00000, 0x0000000086d00000, 0x0000000086e00000|  0%| F|  |TAMS 0x0000000086d00000, 0x0000000086d00000| Untracked 
| 110|0x0000000086e00000, 0x0000000086e00000, 0x0000000086f00000|  0%| F|  |TAMS 0x0000000086e00000, 0x0000000086e00000| Untracked 
| 111|0x0000000086f00000, 0x0000000086f00000, 0x0000000087000000|  0%| F|  |TAMS 0x0000000086f00000, 0x0000000086f00000| Untracked 
| 112|0x0000000087000000, 0x0000000087000000, 0x0000000087100000|  0%| F|  |TAMS 0x0000000087000000, 0x0000000087000000| Untracked 
| 113|0x0000000087100000, 0x0000000087100000, 0x0000000087200000|  0%| F|  |TAMS 0x0000000087100000, 0x0000000087100000| Untracked 
| 114|0x0000000087200000, 0x0000000087200000, 0x0000000087300000|  0%| F|  |TAMS 0x0000000087200000, 0x0000000087200000| Untracked 
| 115|0x0000000087300000, 0x0000000087300000, 0x0000000087400000|  0%| F|  |TAMS 0x0000000087300000, 0x0000000087300000| Untracked 
| 116|0x0000000087400000, 0x0000000087400000, 0x0000000087500000|  0%| F|  |TAMS 0x0000000087400000, 0x0000000087400000| Untracked 
| 117|0x0000000087500000, 0x0000000087500000, 0x0000000087600000|  0%| F|  |TAMS 0x0000000087500000, 0x0000000087500000| Untracked 
| 118|0x0000000087600000, 0x0000000087675920, 0x0000000087700000| 45%| S|CS|TAMS 0x0000000087600000, 0x0000000087600000| Complete 
| 119|0x0000000087700000, 0x0000000087800000, 0x0000000087800000|100%| S|CS|TAMS 0x0000000087700000, 0x0000000087700000| Complete 
| 120|0x0000000087800000, 0x0000000087900000, 0x0000000087900000|100%| S|CS|TAMS 0x0000000087800000, 0x0000000087800000| Complete 
| 121|0x0000000087900000, 0x0000000087a00000, 0x0000000087a00000|100%| S|CS|TAMS 0x0000000087900000, 0x0000000087900000| Complete 
| 122|0x0000000087a00000, 0x0000000087b00000, 0x0000000087b00000|100%| S|CS|TAMS 0x0000000087a00000, 0x0000000087a00000| Complete 
| 123|0x0000000087b00000, 0x0000000087c00000, 0x0000000087c00000|100%| S|CS|TAMS 0x0000000087b00000, 0x0000000087b00000| Complete 
| 124|0x0000000087c00000, 0x0000000087d00000, 0x0000000087d00000|100%| E|  |TAMS 0x0000000087c00000, 0x0000000087c00000| Complete 
| 125|0x0000000087d00000, 0x0000000087e00000, 0x0000000087e00000|100%| E|CS|TAMS 0x0000000087d00000, 0x0000000087d00000| Complete 

Card table byte_map: [0x000001b258d60000,0x000001b259160000] _byte_map_base: 0x000001b258960000

Marking Bits (Prev, Next): (CMBitMap*) 0x000001b23f3d03f8, (CMBitMap*) 0x000001b23f3d0430
 Prev Bits: [0x000001b259560000, 0x000001b25b560000)
 Next Bits: [0x000001b25b560000, 0x000001b25d560000)

Polling page: 0x000001b23f1e0000

Metaspace:

Usage:
  Non-class:     30.58 MB capacity,    30.09 MB ( 98%) used,   419.43 KB (  1%) free+waste,    78.00 KB ( <1%) overhead. 
      Class:      4.75 MB capacity,     4.44 MB ( 93%) used,   281.50 KB (  6%) free+waste,    38.31 KB ( <1%) overhead. 
       Both:     35.33 MB capacity,    34.53 MB ( 98%) used,   700.93 KB (  2%) free+waste,   116.31 KB ( <1%) overhead. 

Virtual space:
  Non-class space:       32.00 MB reserved,      30.83 MB ( 96%) committed 
      Class space:      504.00 MB reserved,       4.75 MB ( <1%) committed 
             Both:      536.00 MB reserved,      35.58 MB (  7%) committed 

Chunk freelists:
   Non-Class:  30.00 KB
       Class:  0 bytes
        Both:  30.00 KB

MaxMetaspaceSize: 512.00 MB
CompressedClassSpaceSize: 504.00 MB
Initial GC threshold: 20.80 MB
Current GC threshold: 58.88 MB
CDS: off

CodeHeap 'non-profiled nmethods': size=120064Kb used=1431Kb max_used=1431Kb free=118632Kb
 bounds [0x000001b250e00000, 0x000001b251070000, 0x000001b258340000]
CodeHeap 'profiled nmethods': size=120000Kb used=5992Kb max_used=5992Kb free=114007Kb
 bounds [0x000001b2498d0000, 0x000001b249eb0000, 0x000001b250e00000]
CodeHeap 'non-nmethods': size=5696Kb used=1242Kb max_used=1271Kb free=4453Kb
 bounds [0x000001b249340000, 0x000001b2495b0000, 0x000001b2498d0000]
 total_blobs=3380 nmethods=2856 adapters=436
 compilation: enabled
              stopped_count=0, restarted_count=0
 full_count=0

Compilation events (20 events):
Event: 12.776 Thread 0x000001b2604a7800 2828       3       jdk.internal.misc.Unsafe::checkNativeAddress (28 bytes)
Event: 12.776 Thread 0x000001b2604a7800 nmethod 2828 0x000001b249e9a490 code [0x000001b249e9a640, 0x000001b249e9a758]
Event: 12.798 Thread 0x000001b2604a7800 2829   !   3       java.lang.ClassLoader::loadClass (122 bytes)
Event: 12.800 Thread 0x000001b2604a7800 nmethod 2829 0x000001b249e9a810 code [0x000001b249e9abe0, 0x000001b249e9ce58]
Event: 12.832 Thread 0x000001b262647800 nmethod 2825 0x000001b250f5ec90 code [0x000001b250f5ef40, 0x000001b250f61fb0]
Event: 12.833 Thread 0x000001b262647800 2826   !   4       java.util.zip.ZipFile$CleanableResource::getInflater (47 bytes)
Event: 12.840 Thread 0x000001b262647800 nmethod 2826 0x000001b250f63410 code [0x000001b250f635e0, 0x000001b250f63c38]
Event: 12.868 Thread 0x000001b262647800 2830       4       java.util.AbstractCollection::addAll (42 bytes)
Event: 12.915 Thread 0x000001b2604a7800 2831       3       org.codehaus.groovy.util.ReferenceManager$CallBackedManager::afterReferenceCreation (5 bytes)
Event: 12.915 Thread 0x000001b2604a7800 nmethod 2831 0x000001b249e9db90 code [0x000001b249e9dd40, 0x000001b249e9de88]
Event: 12.916 Thread 0x000001b2604a7800 2832   !   3       org.codehaus.groovy.util.ReferenceManager$CallBackedManager::removeStallEntries (43 bytes)
Event: 12.916 Thread 0x000001b2604a7800 nmethod 2832 0x000001b249e9df10 code [0x000001b249e9e120, 0x000001b249e9e598]
Event: 12.920 Thread 0x000001b2604a7800 2833  s    1       org.codehaus.groovy.reflection.stdclasses.ObjectCachedClass::getCachedSuperClass (2 bytes)
Event: 12.920 Thread 0x000001b2604a7800 nmethod 2833 0x000001b250f63e90 code [0x000001b250f64040, 0x000001b250f64258]
Event: 12.920 Thread 0x000001b2604a7800 2834       3       org.codehaus.groovy.runtime.metaclass.NewInstanceMetaMethod::<init> (6 bytes)
Event: 12.920 Thread 0x000001b2604a7800 nmethod 2834 0x000001b249e9e790 code [0x000001b249e9e940, 0x000001b249e9ea68]
Event: 12.920 Thread 0x000001b2604a7800 2835       3       org.codehaus.groovy.runtime.metaclass.NewMetaMethod::getDeclaringClass (7 bytes)
Event: 12.920 Thread 0x000001b2604a7800 nmethod 2835 0x000001b249e9eb10 code [0x000001b249e9ecc0, 0x000001b249e9ee78]
Event: 12.920 Thread 0x000001b2604a7800 2836       1       java.net.JarURLConnection::getJarFileURL (5 bytes)
Event: 12.920 Thread 0x000001b2604a7800 nmethod 2836 0x000001b250f64310 code [0x000001b250f644c0, 0x000001b250f64578]

GC Heap History (16 events):
Event: 4.582 GC heap before
{Heap before GC invocations=0 (full 0):
 garbage-first heap   total 129024K, used 16384K [0x0000000080000000, 0x0000000100000000)
  region size 1024K, 14 young (14336K), 0 survivors (0K)
 Metaspace       used 6774K, capacity 6997K, committed 7168K, reserved 524288K
  class space    used 573K, capacity 650K, committed 768K, reserved 516096K
}
Event: 4.613 GC heap after
{Heap after GC invocations=1 (full 0):
 garbage-first heap   total 129024K, used 3836K [0x0000000080000000, 0x0000000100000000)
  region size 1024K, 2 young (2048K), 2 survivors (2048K)
 Metaspace       used 6774K, capacity 6997K, committed 7168K, reserved 524288K
  class space    used 573K, capacity 650K, committed 768K, reserved 516096K
}
Event: 5.205 GC heap before
{Heap before GC invocations=1 (full 0):
 garbage-first heap   total 129024K, used 16124K [0x0000000080000000, 0x0000000100000000)
  region size 1024K, 12 young (12288K), 2 survivors (2048K)
 Metaspace       used 10050K, capacity 10338K, committed 10624K, reserved 526336K
  class space    used 1016K, capacity 1107K, committed 1152K, reserved 516096K
}
Event: 5.209 GC heap after
{Heap after GC invocations=2 (full 0):
 garbage-first heap   total 129024K, used 9404K [0x0000000080000000, 0x0000000100000000)
  region size 1024K, 2 young (2048K), 2 survivors (2048K)
 Metaspace       used 10050K, capacity 10338K, committed 10624K, reserved 526336K
  class space    used 1016K, capacity 1107K, committed 1152K, reserved 516096K
}
Event: 6.487 GC heap before
{Heap before GC invocations=2 (full 0):
 garbage-first heap   total 129024K, used 36028K [0x0000000080000000, 0x0000000100000000)
  region size 1024K, 28 young (28672K), 2 survivors (2048K)
 Metaspace       used 11261K, capacity 11456K, committed 11520K, reserved 526336K
  class space    used 1148K, capacity 1245K, committed 1280K, reserved 516096K
}
Event: 6.490 GC heap after
{Heap after GC invocations=3 (full 0):
 garbage-first heap   total 129024K, used 10043K [0x0000000080000000, 0x0000000100000000)
  region size 1024K, 3 young (3072K), 3 survivors (3072K)
 Metaspace       used 11261K, capacity 11456K, committed 11520K, reserved 526336K
  class space    used 1148K, capacity 1245K, committed 1280K, reserved 516096K
}
Event: 8.780 GC heap before
{Heap before GC invocations=3 (full 0):
 garbage-first heap   total 129024K, used 48955K [0x0000000080000000, 0x0000000100000000)
  region size 1024K, 41 young (41984K), 3 survivors (3072K)
 Metaspace       used 17493K, capacity 17823K, committed 18048K, reserved 532480K
  class space    used 2016K, capacity 2114K, committed 2176K, reserved 516096K
}
Event: 8.800 GC heap after
{Heap after GC invocations=4 (full 0):
 garbage-first heap   total 129024K, used 16362K [0x0000000080000000, 0x0000000100000000)
  region size 1024K, 6 young (6144K), 6 survivors (6144K)
 Metaspace       used 17493K, capacity 17823K, committed 18048K, reserved 532480K
  class space    used 2016K, capacity 2114K, committed 2176K, reserved 516096K
}
Event: 9.409 GC heap before
{Heap before GC invocations=4 (full 0):
 garbage-first heap   total 129024K, used 42986K [0x0000000080000000, 0x0000000100000000)
  region size 1024K, 33 young (33792K), 6 survivors (6144K)
 Metaspace       used 20726K, capacity 21140K, committed 21296K, reserved 536576K
  class space    used 2482K, capacity 2628K, committed 2688K, reserved 516096K
}
Event: 9.421 GC heap after
{Heap after GC invocations=5 (full 0):
 garbage-first heap   total 129024K, used 17196K [0x0000000080000000, 0x0000000100000000)
  region size 1024K, 2 young (2048K), 2 survivors (2048K)
 Metaspace       used 20726K, capacity 21140K, committed 21296K, reserved 536576K
  class space    used 2482K, capacity 2628K, committed 2688K, reserved 516096K
}
Event: 10.679 GC heap before
{Heap before GC invocations=6 (full 0):
 garbage-first heap   total 129024K, used 63276K [0x0000000080000000, 0x0000000100000000)
  region size 1024K, 48 young (49152K), 2 survivors (2048K)
 Metaspace       used 25443K, capacity 26022K, committed 26160K, reserved 540672K
  class space    used 3248K, capacity 3452K, committed 3456K, reserved 516096K
}
Event: 10.685 GC heap after
{Heap after GC invocations=7 (full 0):
 garbage-first heap   total 129024K, used 18934K [0x0000000080000000, 0x0000000100000000)
  region size 1024K, 3 young (3072K), 3 survivors (3072K)
 Metaspace       used 25443K, capacity 26022K, committed 26160K, reserved 540672K
  class space    used 3248K, capacity 3452K, committed 3456K, reserved 516096K
}
Event: 12.636 GC heap before
{Heap before GC invocations=7 (full 0):
 garbage-first heap   total 129024K, used 88566K [0x0000000080000000, 0x0000000100000000)
  region size 1024K, 71 young (72704K), 3 survivors (3072K)
 Metaspace       used 33206K, capacity 33936K, committed 34096K, reserved 546816K
  class space    used 4327K, capacity 4627K, committed 4736K, reserved 516096K
}
Event: 12.647 GC heap after
{Heap after GC invocations=8 (full 0):
 garbage-first heap   total 129024K, used 21796K [0x0000000080000000, 0x0000000100000000)
  region size 1024K, 6 young (6144K), 6 survivors (6144K)
 Metaspace       used 33206K, capacity 33936K, committed 34096K, reserved 546816K
  class space    used 4327K, capacity 4627K, committed 4736K, reserved 516096K
}
Event: 12.855 GC heap before
{Heap before GC invocations=8 (full 0):
 garbage-first heap   total 129024K, used 22820K [0x0000000080000000, 0x0000000100000000)
  region size 1024K, 8 young (8192K), 6 survivors (6144K)
 Metaspace       used 35045K, capacity 35804K, committed 35920K, reserved 548864K
  class space    used 4487K, capacity 4824K, committed 4864K, reserved 516096K
}
Event: 12.865 GC heap after
{Heap after GC invocations=9 (full 0):
 garbage-first heap   total 129024K, used 22610K [0x0000000080000000, 0x0000000100000000)
  region size 1024K, 6 young (6144K), 6 survivors (6144K)
 Metaspace       used 35045K, capacity 35804K, committed 35920K, reserved 548864K
  class space    used 4487K, capacity 4824K, committed 4864K, reserved 516096K
}

Deoptimization events (20 events):
Event: 11.501 Thread 0x000001b262068000 Uncommon trap: trap_request=0xffffff4d fr.pc=0x000001b250e1eeac relative=0x000000000000008c
Event: 11.501 Thread 0x000001b262068000 Uncommon trap: reason=unstable_if action=reinterpret pc=0x000001b250e1eeac method=java.util.HashMap.hash(Ljava/lang/Object;)I @ 1 c2
Event: 11.501 Thread 0x000001b262068000 DEOPT PACKING pc=0x000001b250e1eeac sp=0x0000005bf58f77d0
Event: 11.501 Thread 0x000001b262068000 DEOPT UNPACKING pc=0x000001b24938a1af sp=0x0000005bf58f7768 mode 2
Event: 11.580 Thread 0x000001b262068000 Uncommon trap: trap_request=0xffffff4d fr.pc=0x000001b250f28064 relative=0x00000000000001a4
Event: 11.580 Thread 0x000001b262068000 Uncommon trap: reason=unstable_if action=reinterpret pc=0x000001b250f28064 method=java.util.regex.Pattern$BmpCharProperty.match(Ljava/util/regex/Matcher;ILjava/lang/CharSequence;)Z @ 39 c2
Event: 11.580 Thread 0x000001b262068000 DEOPT PACKING pc=0x000001b250f28064 sp=0x0000005bf58f9350
Event: 11.580 Thread 0x000001b262068000 DEOPT UNPACKING pc=0x000001b24938a1af sp=0x0000005bf58f9300 mode 2
Event: 12.040 Thread 0x000001b262068000 Uncommon trap: trap_request=0xffffff4d fr.pc=0x000001b250efa8c0 relative=0x0000000000000260
Event: 12.040 Thread 0x000001b262068000 Uncommon trap: reason=unstable_if action=reinterpret pc=0x000001b250efa8c0 method=java.util.HashMap.putVal(ILjava/lang/Object;Ljava/lang/Object;ZZ)Ljava/lang/Object; @ 162 c2
Event: 12.040 Thread 0x000001b262068000 DEOPT PACKING pc=0x000001b250efa8c0 sp=0x0000005bf58fa4e0
Event: 12.040 Thread 0x000001b262068000 DEOPT UNPACKING pc=0x000001b24938a1af sp=0x0000005bf58fa460 mode 2
Event: 12.249 Thread 0x000001b262068000 Uncommon trap: trap_request=0xffffff4d fr.pc=0x000001b250f22174 relative=0x0000000000000614
Event: 12.249 Thread 0x000001b262068000 Uncommon trap: reason=unstable_if action=reinterpret pc=0x000001b250f22174 method=jdk.internal.org.objectweb.asm.Item.isEqualTo(Ljdk/internal/org/objectweb/asm/Item;)Z @ 317 c2
Event: 12.249 Thread 0x000001b262068000 DEOPT PACKING pc=0x000001b250f22174 sp=0x0000005bf58f4850
Event: 12.249 Thread 0x000001b262068000 DEOPT UNPACKING pc=0x000001b24938a1af sp=0x0000005bf58f47f0 mode 2
Event: 12.701 Thread 0x000001b262068000 Uncommon trap: trap_request=0xffffff4d fr.pc=0x000001b250ef3c68 relative=0x0000000000004fa8
Event: 12.701 Thread 0x000001b262068000 Uncommon trap: reason=unstable_if action=reinterpret pc=0x000001b250ef3c68 method=jdk.internal.loader.BuiltinClassLoader.loadClassOrNull(Ljava/lang/String;Z)Ljava/lang/Class; @ 42 c2
Event: 12.701 Thread 0x000001b262068000 DEOPT PACKING pc=0x000001b250ef3c68 sp=0x0000005bf58f4be0
Event: 12.702 Thread 0x000001b262068000 DEOPT UNPACKING pc=0x000001b24938a1af sp=0x0000005bf58f4a70 mode 2

Classes redefined (0 events):
No events

Internal exceptions (20 events):
Event: 10.807 Thread 0x000001b262068000 Exception <a 'java/lang/NoSuchMethodError'{0x0000000087993a20}: 'void java.lang.invoke.DirectMethodHandle$Holder.invokeStatic(java.lang.Object, java.lang.Object, java.lang.Object, java.lang.Object)'> (0x0000000087993a20) thrown at [./src/hotspot/share/interpreter/linkResolver.cpp, line 773]
Event: 10.810 Thread 0x000001b262068000 Exception <a 'java/lang/NoSuchMethodError'{0x00000000879b2f68}: 'int java.lang.invoke.DirectMethodHandle$Holder.invokeVirtual(java.lang.Object, java.lang.Object)'> (0x00000000879b2f68) thrown at [./src/hotspot/share/interpreter/linkResolver.cpp, line 773]
Event: 10.818 Thread 0x000001b262068000 Exception <a 'java/lang/NoSuchMethodError'{0x0000000087805f40}: 'java.lang.Object java.lang.invoke.DirectMethodHandle$Holder.invokeVirtual(java.lang.Object, java.lang.Object, java.lang.Object)'> (0x0000000087805f40) thrown at [./src/hotspot/share/interpreter/linkResolver.cpp, line 773]
Event: 10.820 Thread 0x000001b262068000 Exception <a 'java/lang/NoSuchMethodError'{0x0000000087821220}: 'int java.lang.invoke.DirectMethodHandle$Holder.invokeVirtual(java.lang.Object, java.lang.Object, java.lang.Object)'> (0x0000000087821220) thrown at [./src/hotspot/share/interpreter/linkResolver.cpp, line 773]
Event: 10.865 Thread 0x000001b262068000 Exception <a 'java/lang/NoSuchMethodError'{0x00000000877e32d0}: 'void java.lang.invoke.DirectMethodHandle$Holder.invokeSpecial(java.lang.Object, java.lang.Object)'> (0x00000000877e32d0) thrown at [./src/hotspot/share/interpreter/linkResolver.cpp, line 773]
Event: 11.317 Thread 0x000001b262068000 Exception <a 'java/lang/NoSuchMethodError'{0x00000000868e4ae0}: 'java.lang.Object java.lang.invoke.DirectMethodHandle$Holder.invokeSpecialIFC(java.lang.Object, java.lang.Object, java.lang.Object, java.lang.Object)'> (0x00000000868e4ae0) thrown at [./src/hotspot/share/interpreter/linkResolver.cpp, line 773]
Event: 11.500 Thread 0x000001b262068000 Implicit null exception at 0x000001b250ede6f5 to 0x000001b250ede8bc
Event: 11.501 Thread 0x000001b262068000 Implicit null exception at 0x000001b250e1ee2f to 0x000001b250e1ee9d
Event: 11.587 Thread 0x000001b262068000 Exception <a 'java/lang/NoSuchMethodError'{0x0000000085b06c68}: 'java.lang.Object java.lang.invoke.DirectMethodHandle$Holder.invokeSpecial(java.lang.Object, java.lang.Object, java.lang.Object, java.lang.Object, java.lang.Object, java.lang.Object, java.lang.Object, java.lang.Object, java.lang.Object, java.lang.Object, java.lang.Object, java.lang.Object, java.lang.Object)'> (0x0000000085b06c68) thrown at [./src/hotspot/share/interpreter/linkResolver.cpp, line 773]
Event: 11.589 Thread 0x000001b262068000 Exception <a 'java/lang/NoSuchMethodError'{0x0000000085b17d70}: 'java.lang.Object java.lang.invoke.DirectMethodHandle$Holder.invokeSpecial(java.lang.Object, java.lang.Object, java.lang.Object, java.lang.Object, java.lang.Object, java.lang.Object, java.lang.Object, java.lang.Object, java.lang.Object, java.lang.Object, java.lang.Object, java.lang.Object)'> (0x0000000085b17d70) thrown at [./src/hotspot/share/interpreter/linkResolver.cpp, line 773]
Event: 11.589 Thread 0x000001b262068000 Exception <a 'java/lang/NoSuchMethodError'{0x0000000085b1d140}: 'java.lang.Object java.lang.invoke.Invokers$Holder.linkToTargetMethod(java.lang.Object, java.lang.Object, java.lang.Object, java.lang.Object, java.lang.Object, java.lang.Object, java.lang.Object, java.lang.Object, java.lang.Object, java.lang.Object, java.lang.Object)'> (0x0000000085b1d140) thrown at [./src/hotspot/share/interpreter/linkResolver.cpp, line 773]
Event: 11.597 Thread 0x000001b262068000 Exception <a 'java/lang/NoSuchMethodError'{0x0000000085bc4b78}: 'java.lang.Object java.lang.invoke.DirectMethodHandle$Holder.invokeSpecial(java.lang.Object, java.lang.Object, java.lang.Object, java.lang.Object, java.lang.Object, java.lang.Object, java.lang.Object, java.lang.Object, java.lang.Object, java.lang.Object, java.lang.Object, java.lang.Object, java.lang.Object, java.lang.Object)'> (0x0000000085bc4b78) thrown at [./src/hotspot/share/interpreter/linkResolver.cpp, line 773]
Event: 11.600 Thread 0x000001b262068000 Exception <a 'java/lang/NoSuchMethodError'{0x0000000085bd6498}: 'java.lang.Object java.lang.invoke.Invokers$Holder.linkToTargetMethod(java.lang.Object, java.lang.Object, java.lang.Object, java.lang.Object, java.lang.Object, java.lang.Object, java.lang.Object, java.lang.Object, java.lang.Object, java.lang.Object, java.lang.Object, java.lang.Object)'> (0x0000000085bd6498) thrown at [./src/hotspot/share/interpreter/linkResolver.cpp, line 773]
Event: 11.634 Thread 0x000001b262068000 Exception <a 'java/lang/NoSuchMethodError'{0x000000008590c670}: 'java.lang.Object java.lang.invoke.DirectMethodHandle$Holder.invokeStaticInit(java.lang.Object, java.lang.Object, java.lang.Object, java.lang.Object)'> (0x000000008590c670) thrown at [./src/hotspot/share/interpreter/linkResolver.cpp, line 773]
Event: 11.803 Thread 0x000001b262068000 Exception <a 'java/lang/NoSuchMethodError'{0x0000000085016188}: 'java.lang.Object java.lang.invoke.Invokers$Holder.linkToTargetMethod(java.lang.Object, java.lang.Object, java.lang.Object, java.lang.Object, java.lang.Object, java.lang.Object, java.lang.Object, java.lang.Object)'> (0x0000000085016188) thrown at [./src/hotspot/share/interpreter/linkResolver.cpp, line 773]
Event: 11.815 Thread 0x000001b262068000 Exception <a 'java/lang/IncompatibleClassChangeError'{0x00000000850a80c0}: Found class java.lang.Object, but interface was expected> (0x00000000850a80c0) thrown at [./src/hotspot/share/interpreter/linkResolver.cpp, line 839]
Event: 12.320 Thread 0x000001b262068000 Exception <a 'java/lang/NoSuchMethodError'{0x0000000083bdb010}: 'void java.lang.invoke.DirectMethodHandle$Holder.invokeStaticInit(java.lang.Object, java.lang.Object, java.lang.Object)'> (0x0000000083bdb010) thrown at [./src/hotspot/share/interpreter/linkResolver.cpp, line 773]
Event: 12.321 Thread 0x000001b262068000 Exception <a 'java/lang/NoSuchMethodError'{0x0000000083be21c0}: 'void java.lang.invoke.DirectMethodHandle$Holder.invokeStaticInit(java.lang.Object, java.lang.Object, java.lang.Object, java.lang.Object)'> (0x0000000083be21c0) thrown at [./src/hotspot/share/interpreter/linkResolver.cpp, line 773]
Event: 12.326 Thread 0x000001b262068000 Exception <a 'java/lang/NoSuchMethodError'{0x0000000083a04ef8}: 'void java.lang.invoke.DirectMethodHandle$Holder.invokeStaticInit(java.lang.Object, java.lang.Object, java.lang.Object, java.lang.Object, java.lang.Object)'> (0x0000000083a04ef8) thrown at [./src/hotspot/share/interpreter/linkResolver.cpp, line 773]
Event: 12.421 Thread 0x000001b262068000 Exception <a 'java/lang/NoSuchMethodError'{0x0000000083a65d40}: 'int java.lang.invoke.DirectMethodHandle$Holder.invokeStaticInit(java.lang.Object, java.lang.Object, java.lang.Object, java.lang.Object)'> (0x0000000083a65d40) thrown at [./src/hotspot/share/interpreter/linkResolver.cpp, line 773]

Events (20 events):
Event: 12.922 loading class org/w3c/dom/Element
Event: 12.923 loading class org/w3c/dom/Node
Event: 12.923 loading class org/w3c/dom/Node done
Event: 12.923 loading class org/w3c/dom/Element done
Event: 12.923 loading class org/w3c/dom/DOMException
Event: 12.923 loading class org/w3c/dom/DOMException done
Event: 12.923 loading class org/w3c/dom/Attr
Event: 12.923 loading class org/w3c/dom/Attr done
Event: 12.923 loading class org/w3c/dom/TypeInfo
Event: 12.923 loading class org/w3c/dom/TypeInfo done
Event: 12.923 loading class org/w3c/dom/NamedNodeMap
Event: 12.924 loading class org/w3c/dom/NamedNodeMap done
Event: 12.924 loading class org/w3c/dom/UserDataHandler
Event: 12.924 loading class org/w3c/dom/UserDataHandler done
Event: 12.924 loading class org/w3c/dom/Document
Event: 12.924 loading class org/w3c/dom/Document done
Event: 12.925 Executing VM operation: RevokeBias
Event: 12.925 Executing VM operation: RevokeBias done
Event: 12.925 loading class org/gradle/api/internal/provider/MapPropertyExtensions
Event: 12.925 loading class org/gradle/api/internal/provider/MapPropertyExtensions done


Dynamic libraries:
0x00007ff66b2a0000 - 0x00007ff66b2ad000 	C:\Program Files\Eclipse Adoptium\jdk-11.0.17.8-hotspot\bin\java.exe
0x00007ff851970000 - 0x00007ff851b68000 	C:\WINDOWS\SYSTEM32\ntdll.dll
0x00007ff850650000 - 0x00007ff85070f000 	C:\WINDOWS\System32\KERNEL32.DLL
0x00007ff84f110000 - 0x00007ff84f406000 	C:\WINDOWS\System32\KERNELBASE.dll
0x00007ff84f410000 - 0x00007ff84f510000 	C:\WINDOWS\System32\ucrtbase.dll
0x00007ff83d640000 - 0x00007ff83d657000 	C:\Program Files\Eclipse Adoptium\jdk-11.0.17.8-hotspot\bin\jli.dll
0x00007ff851400000 - 0x00007ff85159d000 	C:\WINDOWS\System32\USER32.dll
0x00007ff84f050000 - 0x00007ff84f072000 	C:\WINDOWS\System32\win32u.dll
0x00007ff850710000 - 0x00007ff85073c000 	C:\WINDOWS\System32\GDI32.dll
0x00007ff84f6a0000 - 0x00007ff84f7b5000 	C:\WINDOWS\System32\gdi32full.dll
0x00007ff84f7c0000 - 0x00007ff84f85d000 	C:\WINDOWS\System32\msvcp_win.dll
0x00007ff83cdd0000 - 0x00007ff83cde5000 	C:\Program Files\Eclipse Adoptium\jdk-11.0.17.8-hotspot\bin\VCRUNTIME140.dll
0x00007ff83e7c0000 - 0x00007ff83ea5a000 	C:\WINDOWS\WinSxS\amd64_microsoft.windows.common-controls_6595b64144ccf1df_6.0.19041.1110_none_60b5254171f9507e\COMCTL32.dll
0x00007ff850290000 - 0x00007ff85032e000 	C:\WINDOWS\System32\msvcrt.dll
0x00007ff84fa60000 - 0x00007ff84fa90000 	C:\WINDOWS\System32\IMM32.DLL
0x00007ff835b20000 - 0x00007ff835bbb000 	C:\Program Files\Eclipse Adoptium\jdk-11.0.17.8-hotspot\bin\msvcp140.dll
0x00007ffff25c0000 - 0x00007ffff3142000 	C:\Program Files\Eclipse Adoptium\jdk-11.0.17.8-hotspot\bin\server\jvm.dll
0x00007ff8501e0000 - 0x00007ff85028f000 	C:\WINDOWS\System32\ADVAPI32.dll
0x00007ff8515a0000 - 0x00007ff85163c000 	C:\WINDOWS\System32\sechost.dll
0x00007ff850470000 - 0x00007ff850596000 	C:\WINDOWS\System32\RPCRT4.dll
0x00007ff84fa50000 - 0x00007ff84fa58000 	C:\WINDOWS\System32\PSAPI.DLL
0x00007ff83f610000 - 0x00007ff83f619000 	C:\WINDOWS\SYSTEM32\WSOCK32.dll
0x00007ff851330000 - 0x00007ff85139b000 	C:\WINDOWS\System32\WS2_32.dll
0x00007ff83ef20000 - 0x00007ff83ef47000 	C:\WINDOWS\SYSTEM32\WINMM.dll
0x00007ff840a00000 - 0x00007ff840a0a000 	C:\WINDOWS\SYSTEM32\VERSION.dll
0x00007ff84cf20000 - 0x00007ff84cf32000 	C:\WINDOWS\SYSTEM32\kernel.appcore.dll
0x00007ff83d630000 - 0x00007ff83d640000 	C:\Program Files\Eclipse Adoptium\jdk-11.0.17.8-hotspot\bin\verify.dll
0x00007ff83eca0000 - 0x00007ff83ee84000 	C:\WINDOWS\SYSTEM32\DBGHELP.DLL
0x00007ff83ea60000 - 0x00007ff83ea94000 	C:\WINDOWS\SYSTEM32\dbgcore.DLL
0x00007ff84f080000 - 0x00007ff84f102000 	C:\WINDOWS\System32\bcryptPrimitives.dll
0x00007ff83b8f0000 - 0x00007ff83b918000 	C:\Program Files\Eclipse Adoptium\jdk-11.0.17.8-hotspot\bin\java.dll
0x00007ff83cdc0000 - 0x00007ff83cdca000 	C:\Program Files\Eclipse Adoptium\jdk-11.0.17.8-hotspot\bin\jimage.dll
0x00007ff83cd60000 - 0x00007ff83cd78000 	C:\Program Files\Eclipse Adoptium\jdk-11.0.17.8-hotspot\bin\zip.dll
0x00007ff84fa90000 - 0x00007ff8501d4000 	C:\WINDOWS\System32\SHELL32.dll
0x00007ff84d120000 - 0x00007ff84d8b4000 	C:\WINDOWS\SYSTEM32\windows.storage.dll
0x00007ff850f40000 - 0x00007ff851294000 	C:\WINDOWS\System32\combase.dll
0x00007ff84e9c0000 - 0x00007ff84e9ee000 	C:\WINDOWS\SYSTEM32\Wldp.dll
0x00007ff8505a0000 - 0x00007ff85064d000 	C:\WINDOWS\System32\SHCORE.dll
0x00007ff850330000 - 0x00007ff850385000 	C:\WINDOWS\System32\shlwapi.dll
0x00007ff84ef80000 - 0x00007ff84efa5000 	C:\WINDOWS\SYSTEM32\profapi.dll
0x00007ff83c3e0000 - 0x00007ff83c3f9000 	C:\Program Files\Eclipse Adoptium\jdk-11.0.17.8-hotspot\bin\net.dll
0x00007ff848640000 - 0x00007ff84874a000 	C:\WINDOWS\SYSTEM32\WINHTTP.dll
0x00007ff84e720000 - 0x00007ff84e78a000 	C:\WINDOWS\system32\mswsock.dll
0x00007ff83b5c0000 - 0x00007ff83b5d3000 	C:\Program Files\Eclipse Adoptium\jdk-11.0.17.8-hotspot\bin\nio.dll
0x00007ff83b520000 - 0x00007ff83b547000 	C:\Users\extec\.gradle\native\e1d6ef7f7dcc3fd88c89a11ec53ec762bb8ba0a96d01ffa2cd45eb1d1d8dd5c5\windows-amd64\native-platform.dll
0x00007ff82ad00000 - 0x00007ff82ae44000 	C:\Users\extec\.gradle\native\0d407fdbe67a94daf76414ababcb853783967236a71b16ec16e742cd7a986fd3\windows-amd64\native-platform-file-events.dll
0x00007ff83c7d0000 - 0x00007ff83c7d9000 	C:\Program Files\Eclipse Adoptium\jdk-11.0.17.8-hotspot\bin\management.dll
0x00007ff83c420000 - 0x00007ff83c42b000 	C:\Program Files\Eclipse Adoptium\jdk-11.0.17.8-hotspot\bin\management_ext.dll
0x00007ff84e920000 - 0x00007ff84e938000 	C:\WINDOWS\SYSTEM32\CRYPTSP.dll
0x00007ff84e040000 - 0x00007ff84e074000 	C:\WINDOWS\system32\rsaenh.dll
0x00007ff84f510000 - 0x00007ff84f537000 	C:\WINDOWS\System32\bcrypt.dll
0x00007ff84ef00000 - 0x00007ff84ef2e000 	C:\WINDOWS\SYSTEM32\USERENV.dll
0x00007ff84e910000 - 0x00007ff84e91c000 	C:\WINDOWS\SYSTEM32\CRYPTBASE.dll
0x00007ff84e410000 - 0x00007ff84e44c000 	C:\WINDOWS\SYSTEM32\IPHLPAPI.DLL
0x00007ff8518a0000 - 0x00007ff8518a8000 	C:\WINDOWS\System32\NSI.dll
0x00007ff848d40000 - 0x00007ff848d57000 	C:\WINDOWS\SYSTEM32\dhcpcsvc6.DLL
0x00007ff849150000 - 0x00007ff84916d000 	C:\WINDOWS\SYSTEM32\dhcpcsvc.DLL
0x00007ff84e450000 - 0x00007ff84e51a000 	C:\WINDOWS\SYSTEM32\DNSAPI.dll

dbghelp: loaded successfully - version: 4.0.5 - missing functions: none
symbol engine: initialized successfully - sym options: 0x614 - pdb path: .;C:\Program Files\Eclipse Adoptium\jdk-11.0.17.8-hotspot\bin;C:\WINDOWS\SYSTEM32;C:\WINDOWS\WinSxS\amd64_microsoft.windows.common-controls_6595b64144ccf1df_6.0.19041.1110_none_60b5254171f9507e;C:\Program Files\Eclipse Adoptium\jdk-11.0.17.8-hotspot\bin\server;C:\Users\extec\.gradle\native\e1d6ef7f7dcc3fd88c89a11ec53ec762bb8ba0a96d01ffa2cd45eb1d1d8dd5c5\windows-amd64;C:\Users\extec\.gradle\native\0d407fdbe67a94daf76414ababcb853783967236a71b16ec16e742cd7a986fd3\windows-amd64

VM Arguments:
jvm_args: -XX:MaxMetaspaceSize=512m --add-opens=java.base/java.util=ALL-UNNAMED --add-opens=java.base/java.lang=ALL-UNNAMED --add-opens=java.base/java.lang.invoke=ALL-UNNAMED --add-opens=java.base/java.util=ALL-UNNAMED --add-opens=java.prefs/java.util.prefs=ALL-UNNAMED --add-opens=java.prefs/java.util.prefs=ALL-UNNAMED --add-opens=java.base/java.nio.charset=ALL-UNNAMED --add-opens=java.base/java.net=ALL-UNNAMED --add-opens=java.base/java.util.concurrent.atomic=ALL-UNNAMED -Xmx2048m -Dfile.encoding=windows-1252 -Duser.country=IN -Duser.language=en -Duser.variant 
java_command: org.gradle.launcher.daemon.bootstrap.GradleDaemon 7.5.1
java_class_path (initial): C:\Users\extec\.gradle\wrapper\dists\gradle-7.5.1-all\1ehga6e77gqps5uk2kc5kf1vc\gradle-7.5.1\lib\gradle-launcher-7.5.1.jar
Launcher Type: SUN_STANDARD

[Global flags]
     intx CICompilerCount                          = 3                                         {product} {ergonomic}
   size_t CompressedClassSpaceSize                 = 528482304                                 {product} {ergonomic}
     uint ConcGCThreads                            = 1                                         {product} {ergonomic}
     uint G1ConcRefinementThreads                  = 4                                         {product} {ergonomic}
   size_t G1HeapRegionSize                         = 1048576                                   {product} {ergonomic}
    uintx GCDrainStackTargetSize                   = 64                                        {product} {ergonomic}
   size_t InitialHeapSize                          = 132120576                                 {product} {ergonomic}
   size_t MarkStackSize                            = 4194304                                   {product} {ergonomic}
   size_t MaxHeapSize                              = 2147483648                                {product} {command line}
   size_t MaxMetaspaceSize                         = 536870912                                 {product} {command line}
   size_t MaxNewSize                               = 1287651328                                {product} {ergonomic}
   size_t MinHeapDeltaBytes                        = 1048576                                   {product} {ergonomic}
    uintx NonNMethodCodeHeapSize                   = 5830732                                {pd product} {ergonomic}
    uintx NonProfiledCodeHeapSize                  = 122913754                              {pd product} {ergonomic}
    uintx ProfiledCodeHeapSize                     = 122913754                              {pd product} {ergonomic}
    uintx ReservedCodeCacheSize                    = 251658240                              {pd product} {ergonomic}
     bool SegmentedCodeCache                       = true                                      {product} {ergonomic}
     bool UseCompressedClassPointers               = true                                 {lp64_product} {ergonomic}
     bool UseCompressedOops                        = true                                 {lp64_product} {ergonomic}
     bool UseG1GC                                  = true                                      {product} {ergonomic}
     bool UseLargePagesIndividualAllocation        = false                                  {pd product} {ergonomic}

Logging:
Log output configuration:
 #0: stdout all=warning uptime,level,tags
 #1: stderr all=off uptime,level,tags

Environment Variables:
CLASSPATH=D:\Byder\Byder\android\\gradle\wrapper\gradle-wrapper.jar
PATH=D:\Byder\Byder\android\node_modules\.bin;D:\Byder\Byder\node_modules\.bin;D:\Byder\node_modules\.bin;D:\node_modules\.bin;C:\Program Files\nodejs;D:\Byder\Byder\node_modules\.bin;D:\Byder\Byder\node_modules\.bin;D:\Byder\node_modules\.bin;D:\node_modules\.bin;C:\Users\extec\AppData\Roaming\npm\node_modules\npm\node_modules\@npmcli\run-script\lib\node-gyp-bin;C:\Python311\;C:\Python311\Scripts\;C:\Program Files\Eclipse Adoptium\jdk-11.0.17.8-hotspot\bin;C:\WINDOWS\system32;C:\WINDOWS;C:\WINDOWS\System32\Wbem;C:\WINDOWS\System32\WindowsPowerShell\v1.0\;C:\WINDOWS\System32\OpenSSH\;C:\ProgramData\chocolatey\bin;%LOCALAPPDATA%\Android\Sdk\platform-tools;C:\Users\extec\AppData\Local\Android\sdk\emulator;C:\Program Files\Git\cmd;C:\Program Files\nodejs\;C:\Users\extec\AppData\Local\Microsoft\WindowsApps;C:\Users\extec\AppData\Local\Programs\Microsoft VS Code\bin;C:\Users\extec\AppData\Roaming\npm
USERNAME=extec
LANG=en_US.UTF-8
OS=Windows_NT
PROCESSOR_IDENTIFIER=Intel64 Family 6 Model 60 Stepping 3, GenuineIntel
TMP=C:\Users\extec\AppData\Local\Temp
TEMP=C:\Users\extec\AppData\Local\Temp



---------------  S Y S T E M  ---------------

OS: Windows 10 , 64 bit Build 19041 (10.0.19041.3155)
OS uptime: 0 days 8:33 hours

CPU:total 4 (initial active 4) (2 cores per cpu, 2 threads per core) family 6 model 60 stepping 3 microcode 0x27, cmov, cx8, fxsr, mmx, sse, sse2, sse3, ssse3, sse4.1, sse4.2, popcnt, avx, avx2, aes, clmul, erms, lzcnt, ht, tsc, tscinvbit, bmi1, bmi2, fma

Memory: 4k page, system-wide physical 7985M (487M free)
TotalPageFile size 20485M (AvailPageFile size 5M)
current process WorkingSet (physical memory assigned to process): 222M, peak: 224M
current process commit charge ("private bytes"): 291M, peak: 293M

vm_info: OpenJDK 64-Bit Server VM (11.0.17+8) for windows-amd64 JRE (11.0.17+8), built on Oct 19 2022 00:04:05 by "" with MS VC++ 15.9 (VS2017)

END.
