#
# There is insufficient memory for the Java Runtime Environment to continue.
# Native memory allocation (malloc) failed to allocate 32744 bytes for ChunkPool::allocate
# Possible reasons:
#   The system is out of physical RAM or swap space
#   The process is running with CompressedOops enabled, and the Java Heap may be blocking the growth of the native heap
# Possible solutions:
#   Reduce memory load on the system
#   Increase physical memory or swap space
#   Check if swap backing store is full
#   Decrease Java heap size (-Xmx/-Xms)
#   Decrease number of Java threads
#   Decrease Java thread stack sizes (-Xss)
#   Set larger code cache with -XX:ReservedCodeCacheSize=
#   JVM is running with Unscaled Compressed Oops mode in which the Java heap is
#     placed in the first 4GB address space. The Java Heap base address is the
#     maximum limit for the native heap growth. Please use -XX:HeapBaseMinAddress
#     to set the Java Heap base and to place the Java Heap above 4GB virtual address.
# This output file may be truncated or incomplete.
#
#  Out of Memory Error (./src/hotspot/share/memory/arena.cpp:81), pid=11372, tid=11536
#
# JRE version: OpenJDK Runtime Environment Temurin-11.0.17+8 (11.0.17+8) (build 11.0.17+8)
# Java VM: OpenJDK 64-Bit Server VM Temurin-11.0.17+8 (11.0.17+8, mixed mode, tiered, compressed oops, g1 gc, windows-amd64)
# No core dump will be written. Minidumps are not enabled by default on client versions of Windows
#

---------------  S U M M A R Y ------------

Command Line: -Xmx64m -Xms64m -Dorg.gradle.appname=gradlew org.gradle.wrapper.GradleWrapperMain app:installDebug -PreactNativeDevServerPort=8081

Host: Intel(R) Core(TM) i3-4170T CPU @ 3.20GHz, 4 cores, 7G,  Windows 10 , 64 bit Build 19041 (10.0.19041.3155)
Time: Wed Jul 19 18:33:45 2023 India Standard Time elapsed time: 24.131889 seconds (0d 0h 0m 24s)

---------------  T H R E A D  ---------------

Current thread (0x0000018227285800):  JavaThread "C2 CompilerThread0" daemon [_thread_in_native, id=11536, stack(0x0000003ee2f00000,0x0000003ee3000000)]


Current CompileTask:
C2:  24131 1453       4       org.gradle.internal.logging.text.AbstractLineChoppingStyledTextOutput$1::execute (9 bytes)

Stack: [0x0000003ee2f00000,0x0000003ee3000000]
Native frames: (J=compiled Java code, j=interpreted, Vv=VM code, C=native code)
V  [jvm.dll+0x61f5ba]
V  [jvm.dll+0x7abf79]
V  [jvm.dll+0x7ad668]
V  [jvm.dll+0x7add43]
V  [jvm.dll+0x24fd88]
V  [jvm.dll+0xc288b]
V  [jvm.dll+0xc2bec]
V  [jvm.dll+0x51364b]
V  [jvm.dll+0x19e768]
V  [jvm.dll+0x209135]
V  [jvm.dll+0x20815d]
V  [jvm.dll+0x18a3b1]
V  [jvm.dll+0x217a34]
V  [jvm.dll+0x215c7b]
V  [jvm.dll+0x76ea70]
V  [jvm.dll+0x7679a4]
V  [jvm.dll+0x61e425]
C  [ucrtbase.dll+0x21bb2]
C  [KERNEL32.DLL+0x17614]
C  [ntdll.dll+0x526b1]


---------------  P R O C E S S  ---------------

Threads class SMR info:
_java_thread_list=0x0000018228764760, length=14, elements={
0x000001820ab4e000, 0x000001822721f000, 0x0000018227220800, 0x000001822727e000,
0x0000018227281000, 0x0000018227282800, 0x0000018227285800, 0x0000018227287000,
0x00000182273ea000, 0x00000182274f6000, 0x00000182281f4000, 0x0000018228786800,
0x0000018227ec0800, 0x0000018227ec1000
}

Java Threads: ( => current thread )
  0x000001820ab4e000 JavaThread "main" [_thread_blocked, id=10520, stack(0x0000003ee2300000,0x0000003ee2400000)]
  0x000001822721f000 JavaThread "Reference Handler" daemon [_thread_blocked, id=9080, stack(0x0000003ee2a00000,0x0000003ee2b00000)]
  0x0000018227220800 JavaThread "Finalizer" daemon [_thread_blocked, id=2672, stack(0x0000003ee2b00000,0x0000003ee2c00000)]
  0x000001822727e000 JavaThread "Signal Dispatcher" daemon [_thread_blocked, id=736, stack(0x0000003ee2c00000,0x0000003ee2d00000)]
  0x0000018227281000 JavaThread "Attach Listener" daemon [_thread_blocked, id=8012, stack(0x0000003ee2d00000,0x0000003ee2e00000)]
  0x0000018227282800 JavaThread "Service Thread" daemon [_thread_blocked, id=6776, stack(0x0000003ee2e00000,0x0000003ee2f00000)]
=>0x0000018227285800 JavaThread "C2 CompilerThread0" daemon [_thread_in_native, id=11536, stack(0x0000003ee2f00000,0x0000003ee3000000)]
  0x0000018227287000 JavaThread "C1 CompilerThread0" daemon [_thread_blocked, id=3400, stack(0x0000003ee3000000,0x0000003ee3100000)]
  0x00000182273ea000 JavaThread "Sweeper thread" daemon [_thread_blocked, id=6792, stack(0x0000003ee3100000,0x0000003ee3200000)]
  0x00000182274f6000 JavaThread "Common-Cleaner" daemon [_thread_blocked, id=11120, stack(0x0000003ee3300000,0x0000003ee3400000)]
  0x00000182281f4000 JavaThread "pool-1-thread-1" [_thread_in_vm, id=1040, stack(0x0000003ee3600000,0x0000003ee3700000)]
  0x0000018228786800 JavaThread "DisconnectableInputStream source reader" daemon [_thread_in_native, id=3936, stack(0x0000003ee3700000,0x0000003ee3800000)]
  0x0000018227ec0800 JavaThread "Thread-0" [_thread_new, id=2620, stack(0x0000000000000000,0x0000000000000000)]
  0x0000018227ec1000 JavaThread "Logging-Cleaner" [_thread_new, id=2964, stack(0x0000000000000000,0x0000000000000000)]

Other Threads:
  0x00000182271fc000 VMThread "VM Thread" [stack: 0x0000003ee2900000,0x0000003ee2a00000] [id=10552] _threads_hazard_ptr=0x0000018228764760
  0x00000182274e9000 WatcherThread [stack: 0x0000003ee3200000,0x0000003ee3300000] [id=9528]
  0x000001820cc26000 GCTaskThread "GC Thread#0" [stack: 0x0000003ee2400000,0x0000003ee2500000] [id=9732]
  0x00000182277cc800 GCTaskThread "GC Thread#1" [stack: 0x0000003ee3400000,0x0000003ee3500000] [id=336]
  0x000001822841a000 GCTaskThread "GC Thread#2" [stack: 0x0000003ee3900000,0x0000003ee3a00000] [id=1080]
  0x000001822841b000 GCTaskThread "GC Thread#3" [stack: 0x0000003ee3a00000,0x0000003ee3b00000] [id=11040]
  0x000001820cc2f800 ConcurrentGCThread "G1 Main Marker" [stack: 0x0000003ee2500000,0x0000003ee2600000] [id=9368]
  0x000001820cc32000 ConcurrentGCThread "G1 Conc#0" [stack: 0x0000003ee2600000,0x0000003ee2700000] [id=1120]
  0x000001820cc86000 ConcurrentGCThread "G1 Refine#0" [stack: 0x0000003ee2700000,0x0000003ee2800000] [id=5488]
  0x000001820cc87000 ConcurrentGCThread "G1 Young RemSet Sampling" [stack: 0x0000003ee2800000,0x0000003ee2900000] [id=11132]

Threads with active compile tasks:
C2 CompilerThread0    24161 1453       4       org.gradle.internal.logging.text.AbstractLineChoppingStyledTextOutput$1::execute (9 bytes)

VM state:synchronizing (normal execution)

VM Mutex/Monitor currently owned by a thread:  ([mutex/lock_event])
[0x000001820ab49fd0] Safepoint_lock - owner thread: 0x00000182271fc000
[0x000001820ab4b4a0] Threads_lock - owner thread: 0x00000182271fc000

Heap address: 0x00000000fc000000, size: 64 MB, Compressed Oops mode: 32-bit
Narrow klass base: 0x0000000000000000, Narrow klass shift: 3
Compressed class space size: 1073741824 Address: 0x0000000100000000

Heap:
 garbage-first heap   total 65536K, used 11561K [0x00000000fc000000, 0x0000000100000000)
  region size 1024K, 7 young (7168K), 5 survivors (5120K)
 Metaspace       used 16881K, capacity 17247K, committed 17408K, reserved 1064960K
  class space    used 1910K, capacity 2030K, committed 2048K, reserved 1048576K
Heap Regions: E=young(eden), S=young(survivor), O=old, HS=humongous(starts), HC=humongous(continues), CS=collection set, F=free, A=archive, TAMS=top-at-mark-start (previous, next)
|   0|0x00000000fc000000, 0x00000000fc100000, 0x00000000fc100000|100%|HS|  |TAMS 0x00000000fc000000, 0x00000000fc000000| Complete 
|   1|0x00000000fc100000, 0x00000000fc200000, 0x00000000fc200000|100%|HC|  |TAMS 0x00000000fc100000, 0x00000000fc100000| Complete 
|   2|0x00000000fc200000, 0x00000000fc300000, 0x00000000fc300000|100%|HC|  |TAMS 0x00000000fc200000, 0x00000000fc200000| Complete 
|   3|0x00000000fc300000, 0x00000000fc400000, 0x00000000fc400000|100%| O|  |TAMS 0x00000000fc300000, 0x00000000fc300000| Untracked 
|   4|0x00000000fc400000, 0x00000000fc500000, 0x00000000fc500000|100%| O|  |TAMS 0x00000000fc400000, 0x00000000fc400000| Untracked 
|   5|0x00000000fc500000, 0x00000000fc54a400, 0x00000000fc600000| 29%| O|  |TAMS 0x00000000fc500000, 0x00000000fc500000| Untracked 
|   6|0x00000000fc600000, 0x00000000fc600000, 0x00000000fc700000|  0%| F|  |TAMS 0x00000000fc600000, 0x00000000fc600000| Untracked 
|   7|0x00000000fc700000, 0x00000000fc700000, 0x00000000fc800000|  0%| F|  |TAMS 0x00000000fc700000, 0x00000000fc700000| Untracked 
|   8|0x00000000fc800000, 0x00000000fc800000, 0x00000000fc900000|  0%| F|  |TAMS 0x00000000fc800000, 0x00000000fc800000| Untracked 
|   9|0x00000000fc900000, 0x00000000fc900000, 0x00000000fca00000|  0%| F|  |TAMS 0x00000000fc900000, 0x00000000fc900000| Untracked 
|  10|0x00000000fca00000, 0x00000000fca00000, 0x00000000fcb00000|  0%| F|  |TAMS 0x00000000fca00000, 0x00000000fca00000| Untracked 
|  11|0x00000000fcb00000, 0x00000000fcb00000, 0x00000000fcc00000|  0%| F|  |TAMS 0x00000000fcb00000, 0x00000000fcb00000| Untracked 
|  12|0x00000000fcc00000, 0x00000000fcc00000, 0x00000000fcd00000|  0%| F|  |TAMS 0x00000000fcc00000, 0x00000000fcc00000| Untracked 
|  13|0x00000000fcd00000, 0x00000000fcd00000, 0x00000000fce00000|  0%| F|  |TAMS 0x00000000fcd00000, 0x00000000fcd00000| Untracked 
|  14|0x00000000fce00000, 0x00000000fce00000, 0x00000000fcf00000|  0%| F|  |TAMS 0x00000000fce00000, 0x00000000fce00000| Untracked 
|  15|0x00000000fcf00000, 0x00000000fcf00000, 0x00000000fd000000|  0%| F|  |TAMS 0x00000000fcf00000, 0x00000000fcf00000| Untracked 
|  16|0x00000000fd000000, 0x00000000fd000000, 0x00000000fd100000|  0%| F|  |TAMS 0x00000000fd000000, 0x00000000fd000000| Untracked 
|  17|0x00000000fd100000, 0x00000000fd100000, 0x00000000fd200000|  0%| F|  |TAMS 0x00000000fd100000, 0x00000000fd100000| Untracked 
|  18|0x00000000fd200000, 0x00000000fd200000, 0x00000000fd300000|  0%| F|  |TAMS 0x00000000fd200000, 0x00000000fd200000| Untracked 
|  19|0x00000000fd300000, 0x00000000fd300000, 0x00000000fd400000|  0%| F|  |TAMS 0x00000000fd300000, 0x00000000fd300000| Untracked 
|  20|0x00000000fd400000, 0x00000000fd400000, 0x00000000fd500000|  0%| F|  |TAMS 0x00000000fd400000, 0x00000000fd400000| Untracked 
|  21|0x00000000fd500000, 0x00000000fd600000, 0x00000000fd600000|100%| S|CS|TAMS 0x00000000fd500000, 0x00000000fd500000| Complete 
|  22|0x00000000fd600000, 0x00000000fd700000, 0x00000000fd700000|100%| S|CS|TAMS 0x00000000fd600000, 0x00000000fd600000| Complete 
|  23|0x00000000fd700000, 0x00000000fd800000, 0x00000000fd800000|100%| S|CS|TAMS 0x00000000fd700000, 0x00000000fd700000| Complete 
|  24|0x00000000fd800000, 0x00000000fd900000, 0x00000000fd900000|100%| S|CS|TAMS 0x00000000fd800000, 0x00000000fd800000| Complete 
|  25|0x00000000fd900000, 0x00000000fda00000, 0x00000000fda00000|100%| S|CS|TAMS 0x00000000fd900000, 0x00000000fd900000| Complete 
|  26|0x00000000fda00000, 0x00000000fda00000, 0x00000000fdb00000|  0%| F|  |TAMS 0x00000000fda00000, 0x00000000fda00000| Untracked 
|  27|0x00000000fdb00000, 0x00000000fdb00000, 0x00000000fdc00000|  0%| F|  |TAMS 0x00000000fdb00000, 0x00000000fdb00000| Untracked 
|  28|0x00000000fdc00000, 0x00000000fdc00000, 0x00000000fdd00000|  0%| F|  |TAMS 0x00000000fdc00000, 0x00000000fdc00000| Untracked 
|  29|0x00000000fdd00000, 0x00000000fdd00000, 0x00000000fde00000|  0%| F|  |TAMS 0x00000000fdd00000, 0x00000000fdd00000| Untracked 
|  30|0x00000000fde00000, 0x00000000fde00000, 0x00000000fdf00000|  0%| F|  |TAMS 0x00000000fde00000, 0x00000000fde00000| Untracked 
|  31|0x00000000fdf00000, 0x00000000fdf00000, 0x00000000fe000000|  0%| F|  |TAMS 0x00000000fdf00000, 0x00000000fdf00000| Untracked 
|  32|0x00000000fe000000, 0x00000000fe000000, 0x00000000fe100000|  0%| F|  |TAMS 0x00000000fe000000, 0x00000000fe000000| Untracked 
|  33|0x00000000fe100000, 0x00000000fe100000, 0x00000000fe200000|  0%| F|  |TAMS 0x00000000fe100000, 0x00000000fe100000| Untracked 
|  34|0x00000000fe200000, 0x00000000fe200000, 0x00000000fe300000|  0%| F|  |TAMS 0x00000000fe200000, 0x00000000fe200000| Untracked 
|  35|0x00000000fe300000, 0x00000000fe300000, 0x00000000fe400000|  0%| F|  |TAMS 0x00000000fe300000, 0x00000000fe300000| Untracked 
|  36|0x00000000fe400000, 0x00000000fe400000, 0x00000000fe500000|  0%| F|  |TAMS 0x00000000fe400000, 0x00000000fe400000| Untracked 
|  37|0x00000000fe500000, 0x00000000fe500000, 0x00000000fe600000|  0%| F|  |TAMS 0x00000000fe500000, 0x00000000fe500000| Untracked 
|  38|0x00000000fe600000, 0x00000000fe600000, 0x00000000fe700000|  0%| F|  |TAMS 0x00000000fe600000, 0x00000000fe600000| Untracked 
|  39|0x00000000fe700000, 0x00000000fe700000, 0x00000000fe800000|  0%| F|  |TAMS 0x00000000fe700000, 0x00000000fe700000| Untracked 
|  40|0x00000000fe800000, 0x00000000fe800000, 0x00000000fe900000|  0%| F|  |TAMS 0x00000000fe800000, 0x00000000fe800000| Untracked 
|  41|0x00000000fe900000, 0x00000000fe900000, 0x00000000fea00000|  0%| F|  |TAMS 0x00000000fe900000, 0x00000000fe900000| Untracked 
|  42|0x00000000fea00000, 0x00000000fea00000, 0x00000000feb00000|  0%| F|  |TAMS 0x00000000fea00000, 0x00000000fea00000| Untracked 
|  43|0x00000000feb00000, 0x00000000feb00000, 0x00000000fec00000|  0%| F|  |TAMS 0x00000000feb00000, 0x00000000feb00000| Untracked 
|  44|0x00000000fec00000, 0x00000000fec00000, 0x00000000fed00000|  0%| F|  |TAMS 0x00000000fec00000, 0x00000000fec00000| Untracked 
|  45|0x00000000fed00000, 0x00000000fed00000, 0x00000000fee00000|  0%| F|  |TAMS 0x00000000fed00000, 0x00000000fed00000| Untracked 
|  46|0x00000000fee00000, 0x00000000fee00000, 0x00000000fef00000|  0%| F|  |TAMS 0x00000000fee00000, 0x00000000fee00000| Untracked 
|  47|0x00000000fef00000, 0x00000000fef00000, 0x00000000ff000000|  0%| F|  |TAMS 0x00000000fef00000, 0x00000000fef00000| Untracked 
|  48|0x00000000ff000000, 0x00000000ff000000, 0x00000000ff100000|  0%| F|  |TAMS 0x00000000ff000000, 0x00000000ff000000| Untracked 
|  49|0x00000000ff100000, 0x00000000ff100000, 0x00000000ff200000|  0%| F|  |TAMS 0x00000000ff100000, 0x00000000ff100000| Untracked 
|  50|0x00000000ff200000, 0x00000000ff200000, 0x00000000ff300000|  0%| F|  |TAMS 0x00000000ff200000, 0x00000000ff200000| Untracked 
|  51|0x00000000ff300000, 0x00000000ff300000, 0x00000000ff400000|  0%| F|  |TAMS 0x00000000ff300000, 0x00000000ff300000| Untracked 
|  52|0x00000000ff400000, 0x00000000ff400000, 0x00000000ff500000|  0%| F|  |TAMS 0x00000000ff400000, 0x00000000ff400000| Untracked 
|  53|0x00000000ff500000, 0x00000000ff500000, 0x00000000ff600000|  0%| F|  |TAMS 0x00000000ff500000, 0x00000000ff500000| Untracked 
|  54|0x00000000ff600000, 0x00000000ff600000, 0x00000000ff700000|  0%| F|  |TAMS 0x00000000ff600000, 0x00000000ff600000| Untracked 
|  55|0x00000000ff700000, 0x00000000ff700000, 0x00000000ff800000|  0%| F|  |TAMS 0x00000000ff700000, 0x00000000ff700000| Untracked 
|  56|0x00000000ff800000, 0x00000000ff800000, 0x00000000ff900000|  0%| F|  |TAMS 0x00000000ff800000, 0x00000000ff800000| Untracked 
|  57|0x00000000ff900000, 0x00000000ff900000, 0x00000000ffa00000|  0%| F|  |TAMS 0x00000000ff900000, 0x00000000ff900000| Untracked 
|  58|0x00000000ffa00000, 0x00000000ffa00000, 0x00000000ffb00000|  0%| F|  |TAMS 0x00000000ffa00000, 0x00000000ffa00000| Untracked 
|  59|0x00000000ffb00000, 0x00000000ffb00000, 0x00000000ffc00000|  0%| F|  |TAMS 0x00000000ffb00000, 0x00000000ffb00000| Untracked 
|  60|0x00000000ffc00000, 0x00000000ffc00000, 0x00000000ffd00000|  0%| F|  |TAMS 0x00000000ffc00000, 0x00000000ffc00000| Untracked 
|  61|0x00000000ffd00000, 0x00000000ffd00000, 0x00000000ffe00000|  0%| F|  |TAMS 0x00000000ffd00000, 0x00000000ffd00000| Untracked 
|  62|0x00000000ffe00000, 0x00000000ffe00800, 0x00000000fff00000|  0%| E|  |TAMS 0x00000000ffe00000, 0x00000000ffe00000| Complete 
|  63|0x00000000fff00000, 0x0000000100000000, 0x0000000100000000|100%| E|CS|TAMS 0x00000000fff00000, 0x00000000fff00000| Complete 

Card table byte_map: [0x000001820ca50000,0x000001820ca70000] _byte_map_base: 0x000001820c270000

Marking Bits (Prev, Next): (CMBitMap*) 0x000001820cc2e798, (CMBitMap*) 0x000001820cc2e7d0
 Prev Bits: [0x000001820ca90000, 0x000001820cb90000)
 Next Bits: [0x0000018224390000, 0x0000018224490000)

Polling page: 0x000001820adc0000

Metaspace:

Usage:
  Non-class:     14.86 MB capacity,    14.62 MB ( 98%) used,   220.64 KB (  1%) free+waste,    25.94 KB ( <1%) overhead. 
      Class:      1.98 MB capacity,     1.87 MB ( 94%) used,   106.37 KB (  5%) free+waste,    12.69 KB ( <1%) overhead. 
       Both:     16.84 MB capacity,    16.49 MB ( 98%) used,   327.01 KB (  2%) free+waste,    38.63 KB ( <1%) overhead. 

Virtual space:
  Non-class space:       16.00 MB reserved,      15.00 MB ( 94%) committed 
      Class space:        1.00 GB reserved,       2.00 MB ( <1%) committed 
             Both:        1.02 GB reserved,      17.00 MB (  2%) committed 

Chunk freelists:
   Non-Class:  15.00 KB
       Class:  18.00 KB
        Both:  33.00 KB

MaxMetaspaceSize: 17179869184.00 GB
CompressedClassSpaceSize: 1.00 GB
Initial GC threshold: 20.80 MB
Current GC threshold: 20.80 MB
CDS: off

CodeHeap 'non-profiled nmethods': size=120064Kb used=570Kb max_used=570Kb free=119493Kb
 bounds [0x000001821ce50000, 0x000001821d0c0000, 0x0000018224390000]
CodeHeap 'profiled nmethods': size=120000Kb used=2879Kb max_used=2879Kb free=117120Kb
 bounds [0x0000018215920000, 0x0000018215bf0000, 0x000001821ce50000]
CodeHeap 'non-nmethods': size=5696Kb used=1173Kb max_used=1186Kb free=4522Kb
 bounds [0x0000018215390000, 0x0000018215600000, 0x0000018215920000]
 total_blobs=1909 nmethods=1469 adapters=353
 compilation: enabled
              stopped_count=0, restarted_count=0
 full_count=0

Compilation events (20 events):
Event: 24.104 Thread 0x0000018227287000 nmethod 1447 0x0000018215be2210 code [0x0000018215be2440, 0x0000018215be2b88]
Event: 24.104 Thread 0x0000018227287000 1448       3       java.io.OutputStreamWriter::flush (8 bytes)
Event: 24.105 Thread 0x0000018227287000 nmethod 1448 0x0000018215be2e10 code [0x0000018215be3040, 0x0000018215be3748]
Event: 24.105 Thread 0x0000018227285800 nmethod 1444 0x000001821cedd710 code [0x000001821cedd8c0, 0x000001821cedd9e8]
Event: 24.105 Thread 0x0000018227287000 1450       3       java.nio.CharBuffer::position (8 bytes)
Event: 24.105 Thread 0x0000018227285800 1449       4       sun.nio.cs.SingleByte$Encoder::encode (32 bytes)
Event: 24.105 Thread 0x0000018227287000 nmethod 1450 0x0000018215be3a90 code [0x0000018215be3c40, 0x0000018215be3d88]
Event: 24.105 Thread 0x0000018227287000 1451       3       java.nio.CharBuffer::position (6 bytes)
Event: 24.105 Thread 0x0000018227287000 nmethod 1451 0x0000018215be3e10 code [0x0000018215be3fe0, 0x0000018215be4188]
Event: 24.106 Thread 0x0000018227285800 nmethod 1449 0x000001821ceddb90 code [0x000001821ceddd20, 0x000001821cedde38]
Event: 24.106 Thread 0x0000018227285800 1452       4       org.gradle.internal.logging.text.AbstractLineChoppingStyledTextOutput$StateContext::hasChar (25 bytes)
Event: 24.107 Thread 0x0000018227285800 nmethod 1452 0x000001821ceddf90 code [0x000001821cede120, 0x000001821cede1b8]
Event: 24.107 Thread 0x0000018227285800 1453       4       org.gradle.internal.logging.text.AbstractLineChoppingStyledTextOutput$1::execute (9 bytes)
Event: 24.111 Thread 0x0000018227287000 1456       3       java.lang.StringBuilder::insert (9 bytes)
Event: 24.111 Thread 0x0000018227287000 nmethod 1456 0x0000018215be4290 code [0x0000018215be4440, 0x0000018215be4588]
Event: 24.112 Thread 0x0000018227287000 1457       3       java.lang.AbstractStringBuilder::insert (54 bytes)
Event: 24.112 Thread 0x0000018227287000 nmethod 1457 0x0000018215be4610 code [0x0000018215be4840, 0x0000018215be4dc8]
Event: 24.112 Thread 0x0000018227287000 1458       3       jdk.internal.org.objectweb.asm.ClassWriter::visitMethod (20 bytes)
Event: 24.113 Thread 0x0000018227287000 nmethod 1458 0x0000018215be5010 code [0x0000018215be51c0, 0x0000018215be53a8]
Event: 24.113 Thread 0x0000018227287000 1460       3       jdk.internal.org.objectweb.asm.MethodWriter::visitMaxs (1144 bytes)

GC Heap History (4 events):
Event: 1.435 GC heap before
{Heap before GC invocations=0 (full 0):
 garbage-first heap   total 65536K, used 16384K [0x00000000fc000000, 0x0000000100000000)
  region size 1024K, 14 young (14336K), 0 survivors (0K)
 Metaspace       used 7655K, capacity 7889K, committed 7936K, reserved 1056768K
  class space    used 672K, capacity 754K, committed 768K, reserved 1048576K
}
Event: 1.452 GC heap after
{Heap after GC invocations=1 (full 0):
 garbage-first heap   total 65536K, used 3327K [0x00000000fc000000, 0x0000000100000000)
  region size 1024K, 2 young (2048K), 2 survivors (2048K)
 Metaspace       used 7655K, capacity 7889K, committed 7936K, reserved 1056768K
  class space    used 672K, capacity 754K, committed 768K, reserved 1048576K
}
Event: 24.028 GC heap before
{Heap before GC invocations=1 (full 0):
 garbage-first heap   total 65536K, used 43263K [0x00000000fc000000, 0x0000000100000000)
  region size 1024K, 38 young (38912K), 2 survivors (2048K)
 Metaspace       used 16637K, capacity 16962K, committed 17152K, reserved 1064960K
  class space    used 1883K, capacity 2021K, committed 2048K, reserved 1048576K
}
Event: 24.063 GC heap after
{Heap after GC invocations=2 (full 0):
 garbage-first heap   total 65536K, used 10537K [0x00000000fc000000, 0x0000000100000000)
  region size 1024K, 5 young (5120K), 5 survivors (5120K)
 Metaspace       used 16637K, capacity 16962K, committed 17152K, reserved 1064960K
  class space    used 1883K, capacity 2021K, committed 2048K, reserved 1048576K
}

Deoptimization events (20 events):
Event: 9.396 Thread 0x000001820ab4e000 DEOPT PACKING pc=0x00000182159dc251 sp=0x0000003ee23fc6f0
Event: 9.396 Thread 0x000001820ab4e000 DEOPT UNPACKING pc=0x00000182153da95e sp=0x0000003ee23fbbb8 mode 0
Event: 9.608 Thread 0x000001820ab4e000 DEOPT PACKING pc=0x00000182159e5921 sp=0x0000003ee23fc600
Event: 9.608 Thread 0x000001820ab4e000 DEOPT UNPACKING pc=0x00000182153da95e sp=0x0000003ee23fbaf8 mode 0
Event: 10.560 Thread 0x00000182283d2800 Uncommon trap: trap_request=0xffffff4d fr.pc=0x000001821ce85f6c relative=0x00000000000000cc
Event: 10.561 Thread 0x00000182283d2800 Uncommon trap: reason=unstable_if action=reinterpret pc=0x000001821ce85f6c method=java.lang.String.getBytes([BIB)V @ 5 c2
Event: 10.561 Thread 0x00000182283d2800 DEOPT PACKING pc=0x000001821ce85f6c sp=0x0000003ee35feae0
Event: 10.561 Thread 0x00000182283d2800 DEOPT UNPACKING pc=0x00000182153da1af sp=0x0000003ee35fea88 mode 2
Event: 10.561 Thread 0x00000182283d2800 Uncommon trap: trap_request=0xffffff4d fr.pc=0x000001821ceaa0c0 relative=0x0000000000000380
Event: 10.561 Thread 0x00000182283d2800 Uncommon trap: reason=unstable_if action=reinterpret pc=0x000001821ceaa0c0 method=java.lang.AbstractStringBuilder.isLatin1()Z @ 10 c2
Event: 10.561 Thread 0x00000182283d2800 DEOPT PACKING pc=0x000001821ceaa0c0 sp=0x0000003ee35feba0
Event: 10.561 Thread 0x00000182283d2800 DEOPT UNPACKING pc=0x00000182153da1af sp=0x0000003ee35feb20 mode 2
Event: 19.488 Thread 0x00000182283d2800 Uncommon trap: trap_request=0xffffff4d fr.pc=0x000001821ce6aa9c relative=0x000000000000007c
Event: 19.488 Thread 0x00000182283d2800 Uncommon trap: reason=unstable_if action=reinterpret pc=0x000001821ce6aa9c method=java.lang.String.codePointAt(I)I @ 4 c2
Event: 19.488 Thread 0x00000182283d2800 DEOPT PACKING pc=0x000001821ce6aa9c sp=0x0000003ee35feb20
Event: 19.488 Thread 0x00000182283d2800 DEOPT UNPACKING pc=0x00000182153da1af sp=0x0000003ee35feab8 mode 2
Event: 24.097 Thread 0x000001820ab4e000 Uncommon trap: trap_request=0xffffff4d fr.pc=0x000001821cece80c relative=0x00000000000001cc
Event: 24.097 Thread 0x000001820ab4e000 Uncommon trap: reason=unstable_if action=reinterpret pc=0x000001821cece80c method=java.net.URI$Parser.scan(IILjava/lang/String;)I @ 26 c2
Event: 24.097 Thread 0x000001820ab4e000 DEOPT PACKING pc=0x000001821cece80c sp=0x0000003ee23fc790
Event: 24.097 Thread 0x000001820ab4e000 DEOPT UNPACKING pc=0x00000182153da1af sp=0x0000003ee23fc720 mode 2

Classes redefined (0 events):
No events

Internal exceptions (20 events):
Event: 0.584 Thread 0x000001820ab4e000 Exception <a 'java/lang/NoSuchMethodError'{0x00000000ffb19730}: 'int java.lang.invoke.DirectMethodHandle$Holder.invokeSpecial(java.lang.Object, java.lang.Object, java.lang.Object, java.lang.Object)'> (0x00000000ffb19730) thrown at [./src/hotspot/share/interpreter/linkResolver.cpp, line 773]
Event: 0.594 Thread 0x000001820ab4e000 Exception <a 'java/lang/NoSuchMethodError'{0x00000000ffb52e08}: 'int java.lang.invoke.DirectMethodHandle$Holder.invokeSpecialIFC(java.lang.Object, java.lang.Object, int)'> (0x00000000ffb52e08) thrown at [./src/hotspot/share/interpreter/linkResolver.cpp, line 773]
Event: 2.172 Thread 0x000001820ab4e000 Exception <a 'java/lang/NoClassDefFoundError'{0x00000000ff6e2728}: org/slf4j/impl/StaticMarkerBinder> (0x00000000ff6e2728) thrown at [./src/hotspot/share/classfile/systemDictionary.cpp, line 219]
Event: 2.235 Thread 0x000001820ab4e000 Exception <a 'java/lang/NoSuchMethodError'{0x00000000ff5e1228}: 'java.lang.Object java.lang.invoke.DirectMethodHandle$Holder.invokeVirtual(java.lang.Object, java.lang.Object, java.lang.Object, java.lang.Object, java.lang.Object, java.lang.Object, java.lang.Object)'> (0x00000000ff5e1228) thrown at [./src/hotspot/share/interpreter/linkResolver.cpp, line 773]
Event: 2.239 Thread 0x000001820ab4e000 Exception <a 'java/lang/NoSuchMethodError'{0x00000000ff5f4d60}: 'java.lang.Object java.lang.invoke.Invokers$Holder.invoker(java.lang.Object, java.lang.Object, java.lang.Object)'> (0x00000000ff5f4d60) thrown at [./src/hotspot/share/interpreter/linkResolver.cpp, line 773]
Event: 2.245 Thread 0x000001820ab4e000 Exception <a 'java/lang/NoSuchMethodError'{0x00000000ff405ce0}: 'void java.lang.invoke.DelegatingMethodHandle$Holder.delegate(java.lang.Object, java.lang.Object, int, java.lang.Object)'> (0x00000000ff405ce0) thrown at [./src/hotspot/share/interpreter/linkResolver.cpp, line 773]
Event: 2.593 Thread 0x000001820ab4e000 Exception <a 'java/lang/NoSuchMethodError'{0x00000000febba2e0}: 'java.lang.Object java.lang.invoke.DirectMethodHandle$Holder.invokeInterface(java.lang.Object, java.lang.Object, java.lang.Object)'> (0x00000000febba2e0) thrown at [./src/hotspot/share/interpreter/linkResolver.cpp, line 773]
Event: 2.729 Thread 0x000001820ab4e000 Exception <a 'java/lang/NoSuchMethodError'{0x00000000fe8b4d78}: 'java.lang.Object java.lang.invoke.DirectMethodHandle$Holder.invokeStaticInit(java.lang.Object, java.lang.Object, java.lang.Object)'> (0x00000000fe8b4d78) thrown at [./src/hotspot/share/interpreter/linkResolver.cpp, line 773]
Event: 3.037 Thread 0x000001820ab4e000 Exception <a 'java/lang/NoSuchMethodError'{0x00000000fe372440}: 'java.lang.Object java.lang.invoke.DirectMethodHandle$Holder.invokeStaticInit(java.lang.Object, int, int, int, int)'> (0x00000000fe372440) thrown at [./src/hotspot/share/interpreter/linkResolver.cpp, line 773]
Event: 4.288 Thread 0x000001820ab4e000 Exception <a 'java/lang/NoSuchMethodError'{0x00000000fe3aa308}: 'java.lang.Object java.lang.invoke.DirectMethodHandle$Holder.invokeStaticInit(java.lang.Object, java.lang.Object, int, int, int, int)'> (0x00000000fe3aa308) thrown at [./src/hotspot/share/interpreter/linkResolver.cpp, line 773]
Event: 5.893 Thread 0x000001820ab4e000 Implicit null exception at 0x000001821ce84974 to 0x000001821ce84e78
Event: 5.893 Thread 0x000001820ab4e000 Implicit null exception at 0x000001821ce85474 to 0x000001821ce8594c
Event: 10.423 Thread 0x00000182283d2800 Exception <a 'java/lang/NoSuchMethodError'{0x00000000fdb0dfe8}: 'void java.lang.invoke.DirectMethodHandle$Holder.invokeStatic(java.lang.Object, long)'> (0x00000000fdb0dfe8) thrown at [./src/hotspot/share/interpreter/linkResolver.cpp, line 773]
Event: 10.424 Thread 0x00000182283d2800 Exception <a 'java/lang/NoSuchMethodError'{0x00000000fdb12f50}: 'java.lang.Object java.lang.invoke.DirectMethodHandle$Holder.invokeStatic(java.lang.Object, long)'> (0x00000000fdb12f50) thrown at [./src/hotspot/share/interpreter/linkResolver.cpp, line 773]
Event: 10.432 Thread 0x00000182283d2800 Exception <a 'java/lang/NoSuchMethodError'{0x00000000fdb20ff0}: 'java.lang.Object java.lang.invoke.DirectMethodHandle$Holder.invokeStaticInit(java.lang.Object, java.lang.Object, long, java.lang.Object)'> (0x00000000fdb20ff0) thrown at [./src/hotspot/share/interpreter/linkResolver.cpp, line 773]
Event: 10.435 Thread 0x00000182283d2800 Exception <a 'java/lang/NoSuchMethodError'{0x00000000fdb26ee0}: 'java.lang.Object java.lang.invoke.DirectMethodHandle$Holder.invokeStatic(java.lang.Object, java.lang.Object, long)'> (0x00000000fdb26ee0) thrown at [./src/hotspot/share/interpreter/linkResolver.cpp, line 773]
Event: 10.437 Thread 0x00000182283d2800 Exception <a 'java/lang/NoSuchMethodError'{0x00000000fdb2d1b0}: 'java.lang.Object java.lang.invoke.Invokers$Holder.linkToTargetMethod(java.lang.Object, long, java.lang.Object)'> (0x00000000fdb2d1b0) thrown at [./src/hotspot/share/interpreter/linkResolver.cpp, line 773]
Event: 24.026 Thread 0x000001820ab4e000 Exception <a 'java/io/IOException'{0x00000000fda70e80}> (0x00000000fda70e80) thrown at [./src/hotspot/share/prims/jni.cpp, line 617]
Event: 24.095 Thread 0x000001820ab4e000 Exception <a 'java/lang/NoSuchMethodError'{0x00000000fff63380}: 'int java.lang.invoke.DirectMethodHandle$Holder.invokeVirtual(java.lang.Object, java.lang.Object)'> (0x00000000fff63380) thrown at [./src/hotspot/share/interpreter/linkResolver.cpp, line 773]
Event: 24.097 Thread 0x0000018228787000 Exception <a 'java/io/IOException'{0x00000000fffae940}> (0x00000000fffae940) thrown at [./src/hotspot/share/prims/jni.cpp, line 617]

Events (20 events):
Event: 24.109 loading class org/gradle/internal/buildevents/BuildExceptionReporter$ContextImpl
Event: 24.109 loading class org/gradle/internal/buildevents/BuildExceptionReporter$ContextImpl done
Event: 24.109 loading class org/gradle/internal/exceptions/FailureResolutionAware
Event: 24.109 loading class org/gradle/internal/exceptions/FailureResolutionAware done
Event: 24.110 loading class org/gradle/internal/logging/text/BufferingStyledTextOutput
Event: 24.110 loading class org/gradle/internal/logging/text/BufferingStyledTextOutput done
Event: 24.110 loading class org/gradle/internal/logging/text/StyledTextOutput
Event: 24.110 loading class org/gradle/internal/logging/text/StyledTextOutput done
Event: 24.110 loading class org/gradle/internal/logging/text/BufferingStyledTextOutput
Event: 24.110 loading class org/gradle/internal/logging/text/BufferingStyledTextOutput done
Event: 24.110 loading class org/gradle/internal/logging/text/BufferingStyledTextOutput$ChangeStyleAction
Event: 24.110 loading class org/gradle/internal/logging/text/BufferingStyledTextOutput$ChangeStyleAction done
Event: 24.111 loading class org/gradle/internal/logging/text/AbstractStyledTextOutput$StyleOverrideTextOutput
Event: 24.111 loading class org/gradle/internal/logging/text/AbstractStyledTextOutput$StyleOverrideTextOutput done
Event: 24.112 loading class org/gradle/internal/logging/text/BufferingStyledTextOutput
Event: 24.112 loading class org/gradle/internal/logging/text/BufferingStyledTextOutput done
Event: 24.112 loading class org/gradle/internal/buildevents/BuildExceptionReporter
Event: 24.112 loading class org/gradle/internal/buildevents/BuildExceptionReporter done
Event: 24.114 loading class org/gradle/internal/logging/text/StyledTextOutput
Event: 24.114 loading class org/gradle/internal/logging/text/StyledTextOutput done


Dynamic libraries:
0x00007ff66b2a0000 - 0x00007ff66b2ad000 	C:\Program Files\Eclipse Adoptium\jdk-11.0.17.8-hotspot\bin\java.exe
0x00007ff851970000 - 0x00007ff851b68000 	C:\WINDOWS\SYSTEM32\ntdll.dll
0x00007ff850650000 - 0x00007ff85070f000 	C:\WINDOWS\System32\KERNEL32.DLL
0x00007ff84f110000 - 0x00007ff84f406000 	C:\WINDOWS\System32\KERNELBASE.dll
0x00007ff84f410000 - 0x00007ff84f510000 	C:\WINDOWS\System32\ucrtbase.dll
0x00007ff83d640000 - 0x00007ff83d657000 	C:\Program Files\Eclipse Adoptium\jdk-11.0.17.8-hotspot\bin\jli.dll
0x00007ff851400000 - 0x00007ff85159d000 	C:\WINDOWS\System32\USER32.dll
0x00007ff84f050000 - 0x00007ff84f072000 	C:\WINDOWS\System32\win32u.dll
0x00007ff850710000 - 0x00007ff85073c000 	C:\WINDOWS\System32\GDI32.dll
0x00007ff84f6a0000 - 0x00007ff84f7b5000 	C:\WINDOWS\System32\gdi32full.dll
0x00007ff84f7c0000 - 0x00007ff84f85d000 	C:\WINDOWS\System32\msvcp_win.dll
0x00007ff83cdd0000 - 0x00007ff83cde5000 	C:\Program Files\Eclipse Adoptium\jdk-11.0.17.8-hotspot\bin\VCRUNTIME140.dll
0x00007ff83e7c0000 - 0x00007ff83ea5a000 	C:\WINDOWS\WinSxS\amd64_microsoft.windows.common-controls_6595b64144ccf1df_6.0.19041.1110_none_60b5254171f9507e\COMCTL32.dll
0x00007ff850290000 - 0x00007ff85032e000 	C:\WINDOWS\System32\msvcrt.dll
0x00007ff84fa60000 - 0x00007ff84fa90000 	C:\WINDOWS\System32\IMM32.DLL
0x00007ff835b20000 - 0x00007ff835bbb000 	C:\Program Files\Eclipse Adoptium\jdk-11.0.17.8-hotspot\bin\msvcp140.dll
0x00007ffff25c0000 - 0x00007ffff3142000 	C:\Program Files\Eclipse Adoptium\jdk-11.0.17.8-hotspot\bin\server\jvm.dll
0x00007ff8501e0000 - 0x00007ff85028f000 	C:\WINDOWS\System32\ADVAPI32.dll
0x00007ff8515a0000 - 0x00007ff85163c000 	C:\WINDOWS\System32\sechost.dll
0x00007ff850470000 - 0x00007ff850596000 	C:\WINDOWS\System32\RPCRT4.dll
0x00007ff84fa50000 - 0x00007ff84fa58000 	C:\WINDOWS\System32\PSAPI.DLL
0x00007ff83f610000 - 0x00007ff83f619000 	C:\WINDOWS\SYSTEM32\WSOCK32.dll
0x00007ff851330000 - 0x00007ff85139b000 	C:\WINDOWS\System32\WS2_32.dll
0x00007ff83ef20000 - 0x00007ff83ef47000 	C:\WINDOWS\SYSTEM32\WINMM.dll
0x00007ff840a00000 - 0x00007ff840a0a000 	C:\WINDOWS\SYSTEM32\VERSION.dll
0x00007ff84cf20000 - 0x00007ff84cf32000 	C:\WINDOWS\SYSTEM32\kernel.appcore.dll
0x00007ff83d630000 - 0x00007ff83d640000 	C:\Program Files\Eclipse Adoptium\jdk-11.0.17.8-hotspot\bin\verify.dll
0x00007ff83eca0000 - 0x00007ff83ee84000 	C:\WINDOWS\SYSTEM32\DBGHELP.DLL
0x00007ff83ea60000 - 0x00007ff83ea94000 	C:\WINDOWS\SYSTEM32\dbgcore.DLL
0x00007ff84f080000 - 0x00007ff84f102000 	C:\WINDOWS\System32\bcryptPrimitives.dll
0x00007ff83b8f0000 - 0x00007ff83b918000 	C:\Program Files\Eclipse Adoptium\jdk-11.0.17.8-hotspot\bin\java.dll
0x00007ff83cdc0000 - 0x00007ff83cdca000 	C:\Program Files\Eclipse Adoptium\jdk-11.0.17.8-hotspot\bin\jimage.dll
0x00007ff83cd60000 - 0x00007ff83cd78000 	C:\Program Files\Eclipse Adoptium\jdk-11.0.17.8-hotspot\bin\zip.dll
0x00007ff84fa90000 - 0x00007ff8501d4000 	C:\WINDOWS\System32\SHELL32.dll
0x00007ff84d120000 - 0x00007ff84d8b4000 	C:\WINDOWS\SYSTEM32\windows.storage.dll
0x00007ff850f40000 - 0x00007ff851294000 	C:\WINDOWS\System32\combase.dll
0x00007ff84e9c0000 - 0x00007ff84e9ee000 	C:\WINDOWS\SYSTEM32\Wldp.dll
0x00007ff8505a0000 - 0x00007ff85064d000 	C:\WINDOWS\System32\SHCORE.dll
0x00007ff850330000 - 0x00007ff850385000 	C:\WINDOWS\System32\shlwapi.dll
0x00007ff84ef80000 - 0x00007ff84efa5000 	C:\WINDOWS\SYSTEM32\profapi.dll
0x00007ff83c3e0000 - 0x00007ff83c3f9000 	C:\Program Files\Eclipse Adoptium\jdk-11.0.17.8-hotspot\bin\net.dll
0x00007ff848640000 - 0x00007ff84874a000 	C:\WINDOWS\SYSTEM32\WINHTTP.dll
0x00007ff84e720000 - 0x00007ff84e78a000 	C:\WINDOWS\system32\mswsock.dll
0x00007ff83b5c0000 - 0x00007ff83b5d3000 	C:\Program Files\Eclipse Adoptium\jdk-11.0.17.8-hotspot\bin\nio.dll
0x00007ff83b520000 - 0x00007ff83b547000 	C:\Users\extec\.gradle\native\e1d6ef7f7dcc3fd88c89a11ec53ec762bb8ba0a96d01ffa2cd45eb1d1d8dd5c5\windows-amd64\native-platform.dll
0x00007ff844af0000 - 0x00007ff844afa000 	C:\Users\extec\.gradle\native\jansi\1.18\windows64\jansi.dll
0x00007ff83c7d0000 - 0x00007ff83c7d9000 	C:\Program Files\Eclipse Adoptium\jdk-11.0.17.8-hotspot\bin\management.dll
0x00007ff83c420000 - 0x00007ff83c42b000 	C:\Program Files\Eclipse Adoptium\jdk-11.0.17.8-hotspot\bin\management_ext.dll
0x00007ff84e920000 - 0x00007ff84e938000 	C:\WINDOWS\SYSTEM32\CRYPTSP.dll
0x00007ff84e040000 - 0x00007ff84e074000 	C:\WINDOWS\system32\rsaenh.dll
0x00007ff84f510000 - 0x00007ff84f537000 	C:\WINDOWS\System32\bcrypt.dll
0x00007ff84ef00000 - 0x00007ff84ef2e000 	C:\WINDOWS\SYSTEM32\USERENV.dll
0x00007ff84e910000 - 0x00007ff84e91c000 	C:\WINDOWS\SYSTEM32\CRYPTBASE.dll
0x00007ff84e410000 - 0x00007ff84e44c000 	C:\WINDOWS\SYSTEM32\IPHLPAPI.DLL
0x00007ff8518a0000 - 0x00007ff8518a8000 	C:\WINDOWS\System32\NSI.dll
0x00007ff848d40000 - 0x00007ff848d57000 	C:\WINDOWS\SYSTEM32\dhcpcsvc6.DLL
0x00007ff849150000 - 0x00007ff84916d000 	C:\WINDOWS\SYSTEM32\dhcpcsvc.DLL
0x00007ff84e450000 - 0x00007ff84e51a000 	C:\WINDOWS\SYSTEM32\DNSAPI.dll

dbghelp: loaded successfully - version: 4.0.5 - missing functions: none
symbol engine: initialized successfully - sym options: 0x614 - pdb path: .;C:\Program Files\Eclipse Adoptium\jdk-11.0.17.8-hotspot\bin;C:\WINDOWS\SYSTEM32;C:\WINDOWS\WinSxS\amd64_microsoft.windows.common-controls_6595b64144ccf1df_6.0.19041.1110_none_60b5254171f9507e;C:\Program Files\Eclipse Adoptium\jdk-11.0.17.8-hotspot\bin\server;C:\Users\extec\.gradle\native\e1d6ef7f7dcc3fd88c89a11ec53ec762bb8ba0a96d01ffa2cd45eb1d1d8dd5c5\windows-amd64;C:\Users\extec\.gradle\native\jansi\1.18\windows64

VM Arguments:
jvm_args: -Xmx64m -Xms64m -Dorg.gradle.appname=gradlew 
java_command: org.gradle.wrapper.GradleWrapperMain app:installDebug -PreactNativeDevServerPort=8081
java_class_path (initial): D:\Byder\Byder\android\\gradle\wrapper\gradle-wrapper.jar
Launcher Type: SUN_STANDARD

[Global flags]
     intx CICompilerCount                          = 3                                         {product} {ergonomic}
     uint ConcGCThreads                            = 1                                         {product} {ergonomic}
     uint G1ConcRefinementThreads                  = 4                                         {product} {ergonomic}
   size_t G1HeapRegionSize                         = 1048576                                   {product} {ergonomic}
    uintx GCDrainStackTargetSize                   = 64                                        {product} {ergonomic}
   size_t InitialHeapSize                          = 67108864                                  {product} {command line}
   size_t MarkStackSize                            = 4194304                                   {product} {ergonomic}
   size_t MaxHeapSize                              = 67108864                                  {product} {command line}
   size_t MaxNewSize                               = 39845888                                  {product} {ergonomic}
   size_t MinHeapDeltaBytes                        = 1048576                                   {product} {ergonomic}
    uintx NonNMethodCodeHeapSize                   = 5830732                                {pd product} {ergonomic}
    uintx NonProfiledCodeHeapSize                  = 122913754                              {pd product} {ergonomic}
    uintx ProfiledCodeHeapSize                     = 122913754                              {pd product} {ergonomic}
    uintx ReservedCodeCacheSize                    = 251658240                              {pd product} {ergonomic}
     bool SegmentedCodeCache                       = true                                      {product} {ergonomic}
     bool UseCompressedClassPointers               = true                                 {lp64_product} {ergonomic}
     bool UseCompressedOops                        = true                                 {lp64_product} {ergonomic}
     bool UseG1GC                                  = true                                      {product} {ergonomic}
     bool UseLargePagesIndividualAllocation        = false                                  {pd product} {ergonomic}

Logging:
Log output configuration:
 #0: stdout all=warning uptime,level,tags
 #1: stderr all=off uptime,level,tags

Environment Variables:
CLASSPATH=D:\Byder\Byder\android\\gradle\wrapper\gradle-wrapper.jar
PATH=D:\Byder\Byder\android\node_modules\.bin;D:\Byder\Byder\node_modules\.bin;D:\Byder\node_modules\.bin;D:\node_modules\.bin;C:\Program Files\nodejs;D:\Byder\Byder\node_modules\.bin;D:\Byder\Byder\node_modules\.bin;D:\Byder\node_modules\.bin;D:\node_modules\.bin;C:\Users\extec\AppData\Roaming\npm\node_modules\npm\node_modules\@npmcli\run-script\lib\node-gyp-bin;C:\Python311\;C:\Python311\Scripts\;C:\Program Files\Eclipse Adoptium\jdk-11.0.17.8-hotspot\bin;C:\WINDOWS\system32;C:\WINDOWS;C:\WINDOWS\System32\Wbem;C:\WINDOWS\System32\WindowsPowerShell\v1.0\;C:\WINDOWS\System32\OpenSSH\;C:\ProgramData\chocolatey\bin;%LOCALAPPDATA%\Android\Sdk\platform-tools;C:\Users\extec\AppData\Local\Android\sdk\emulator;C:\Program Files\Git\cmd;C:\Program Files\nodejs\;C:\Users\extec\AppData\Local\Microsoft\WindowsApps;C:\Users\extec\AppData\Local\Programs\Microsoft VS Code\bin;C:\Users\extec\AppData\Roaming\npm
USERNAME=extec
LANG=en_US.UTF-8
OS=Windows_NT
PROCESSOR_IDENTIFIER=Intel64 Family 6 Model 60 Stepping 3, GenuineIntel
TMP=C:\Users\extec\AppData\Local\Temp
TEMP=C:\Users\extec\AppData\Local\Temp



---------------  S Y S T E M  ---------------

OS: Windows 10 , 64 bit Build 19041 (10.0.19041.3155)
OS uptime: 0 days 8:33 hours

CPU:total 4 (initial active 4) (2 cores per cpu, 2 threads per core) family 6 model 60 stepping 3 microcode 0x27, cmov, cx8, fxsr, mmx, sse, sse2, sse3, ssse3, sse4.1, sse4.2, popcnt, avx, avx2, aes, clmul, erms, lzcnt, ht, tsc, tscinvbit, bmi1, bmi2, fma

Memory: 4k page, system-wide physical 7985M (538M free)
TotalPageFile size 20485M (AvailPageFile size 3M)
current process WorkingSet (physical memory assigned to process): 103M, peak: 103M
current process commit charge ("private bytes"): 154M, peak: 156M

vm_info: OpenJDK 64-Bit Server VM (11.0.17+8) for windows-amd64 JRE (11.0.17+8), built on Oct 19 2022 00:04:05 by "" with MS VC++ 15.9 (VS2017)

END.
